2019-05-08 10:27:12  [ http-nio-8098-exec-10:0 ] - [ DEBUG ]  com.tt.table.Admin:权限检查成功！
2019-05-08 10:27:15  [ http-nio-8098-exec-6:2742 ] - [ DEBUG ]  com.tt.table.Admin:权限检查成功！
2019-05-08 10:29:32  [ http-nio-8098-exec-7:139676 ] - [ DEBUG ]  com.tt.table.Admin:权限检查成功！
2019-05-08 10:29:36  [ http-nio-8098-exec-2:144147 ] - [ DEBUG ]  com.tt.table.Admin:权限检查成功！
2019-05-08 10:29:38  [ http-nio-8098-exec-4:146100 ] - [ DEBUG ]  com.tt.table.Admin:权限检查成功！
2019-05-08 10:29:38  [ http-nio-8098-exec-4:146107 ] - [ ERROR ]  Tools.logError:null
2019-05-08 10:31:21  [ http-nio-8098-exec-8:248814 ] - [ DEBUG ]  com.tt.table.Admin:权限检查成功！
2019-05-08 10:31:23  [ http-nio-8098-exec-9:251279 ] - [ DEBUG ]  com.tt.table.Admin:权限检查成功！
2019-05-08 10:31:23  [ http-nio-8098-exec-9:251284 ] - [ ERROR ]  Tools.logError:null
2019-05-08 10:33:24  [ http-nio-8098-exec-1:371923 ] - [ DEBUG ]  com.tt.table.Admin:权限检查成功！
2019-05-08 10:33:26  [ http-nio-8098-exec-2:373635 ] - [ INFO ]  权限检查成功！
2019-05-08 10:33:29  [ http-nio-8098-exec-4:376812 ] - [ DEBUG ]  com.tt.table.Admin:权限检查成功！
2019-05-08 10:33:30  [ http-nio-8098-exec-5:378006 ] - [ DEBUG ]  com.tt.table.Admin:权限检查成功！
2019-05-08 10:34:05  [ http-nio-8098-exec-7:413080 ] - [ DEBUG ]  com.tt.table.Admin:权限检查成功！
2019-05-08 10:34:06  [ http-nio-8098-exec-8:413857 ] - [ DEBUG ]  com.tt.table.Admin:权限检查成功！
2019-05-08 10:34:12  [ http-nio-8098-exec-10:420399 ] - [ DEBUG ]  com.tt.table.Admin:权限检查成功！
2019-05-08 10:34:36  [ http-nio-8098-exec-6:444250 ] - [ INFO ]  权限检查成功！
2019-05-08 10:34:38  [ http-nio-8098-exec-8:445634 ] - [ DEBUG ]  com.tt.table.Admin:权限检查成功！
2019-05-08 10:34:39  [ http-nio-8098-exec-9:446704 ] - [ DEBUG ]  com.tt.table.Admin:权限检查成功！
2019-05-08 10:34:44  [ http-nio-8098-exec-1:451791 ] - [ DEBUG ]  com.tt.table.Admin:权限检查成功！
2019-05-08 10:35:22  [ http-nio-8098-exec-4:489722 ] - [ DEBUG ]  com.tt.table.Admin:权限检查成功！
2019-05-08 10:35:25  [ http-nio-8098-exec-5:492736 ] - [ DEBUG ]  com.tt.table.Admin:权限检查成功！
2019-05-08 10:35:28  [ http-nio-8098-exec-6:496182 ] - [ DEBUG ]  com.tt.table.Admin:权限检查成功！
2019-05-08 10:35:31  [ http-nio-8098-exec-7:498730 ] - [ DEBUG ]  com.tt.table.Admin:权限检查成功！
2019-05-08 10:35:35  [ http-nio-8098-exec-9:502863 ] - [ INFO ]  权限检查成功！
2019-05-08 10:35:37  [ http-nio-8098-exec-1:505299 ] - [ DEBUG ]  com.tt.table.Admin:权限检查成功！
2019-05-08 10:35:38  [ http-nio-8098-exec-2:506042 ] - [ DEBUG ]  com.tt.table.Admin:权限检查成功！
2019-05-08 10:35:44  [ http-nio-8098-exec-4:512035 ] - [ DEBUG ]  com.tt.table.Admin:权限检查成功！
2019-05-08 10:35:55  [ http-nio-8098-exec-6:523081 ] - [ DEBUG ]  com.tt.table.Admin:权限检查成功！
2019-05-08 10:36:33  [ http-nio-8098-exec-8:560639 ] - [ DEBUG ]  com.tt.table.Admin:权限检查成功！
2019-05-08 10:36:34  [ http-nio-8098-exec-9:562440 ] - [ DEBUG ]  com.tt.table.Admin:权限检查成功！
2019-05-08 10:36:35  [ http-nio-8098-exec-10:563481 ] - [ DEBUG ]  com.tt.table.Admin:权限检查成功！
2019-05-08 10:37:16  [ http-nio-8098-exec-2:603914 ] - [ DEBUG ]  com.tt.table.Admin:权限检查成功！
2019-05-08 10:37:31  [ http-nio-8098-exec-6:619465 ] - [ DEBUG ]  com.tt.table.Admin:权限检查成功！
2019-05-08 10:37:33  [ http-nio-8098-exec-8:620810 ] - [ DEBUG ]  com.tt.table.Admin:权限检查成功！
2019-05-08 10:38:12  [ http-nio-8098-exec-1:660276 ] - [ DEBUG ]  com.tt.table.Admin:权限检查成功！
2019-05-08 10:38:17  [ http-nio-8098-exec-1:664575 ] - [ DEBUG ]  com.tt.table.Admin:权限检查成功！
2019-05-08 10:38:21  [ http-nio-8098-exec-3:668608 ] - [ DEBUG ]  com.tt.table.Admin:权限检查成功！
2019-05-08 10:38:24  [ http-nio-8098-exec-4:671614 ] - [ DEBUG ]  com.tt.table.Admin:权限检查成功！
2019-05-08 10:38:32  [ http-nio-8098-exec-7:680167 ] - [ DEBUG ]  com.tt.table.Admin:权限检查成功！
2019-05-08 10:38:36  [ http-nio-8098-exec-9:684368 ] - [ DEBUG ]  com.tt.table.Admin:权限检查成功！
2019-05-08 10:40:01  [ http-nio-8098-exec-1:768922 ] - [ DEBUG ]  com.tt.table.Admin:权限检查成功！
2019-05-08 10:40:03  [ http-nio-8098-exec-3:771522 ] - [ DEBUG ]  com.tt.table.Admin:权限检查成功！
2019-05-08 10:40:06  [ http-nio-8098-exec-5:773926 ] - [ INFO ]  权限检查成功！
2019-05-08 10:40:08  [ http-nio-8098-exec-7:775920 ] - [ INFO ]  权限检查成功！
2019-05-08 10:40:16  [ http-nio-8098-exec-10:784540 ] - [ DEBUG ]  com.tt.table.Admin:权限检查成功！
2019-05-08 10:40:19  [ http-nio-8098-exec-2:787173 ] - [ DEBUG ]  com.tt.table.Admin:权限检查成功！
2019-05-08 10:40:25  [ http-nio-8098-exec-3:792663 ] - [ INFO ]  权限检查成功！
2019-05-08 10:40:26  [ http-nio-8098-exec-5:794214 ] - [ INFO ]  权限检查成功！
2019-05-08 10:40:29  [ http-nio-8098-exec-8:797042 ] - [ DEBUG ]  com.tt.table.Admin:权限检查成功！
2019-05-08 10:40:31  [ http-nio-8098-exec-10:798844 ] - [ DEBUG ]  com.tt.table.Admin:权限检查成功！
2019-05-08 10:40:44  [ http-nio-8098-exec-6:812523 ] - [ INFO ]  权限检查成功！
2019-05-08 10:40:46  [ http-nio-8098-exec-8:814045 ] - [ DEBUG ]  com.tt.table.Admin:权限检查成功！
2019-05-08 10:40:47  [ http-nio-8098-exec-9:815184 ] - [ DEBUG ]  com.tt.table.Admin:权限检查成功！
2019-05-08 10:40:50  [ http-nio-8098-exec-10:818419 ] - [ DEBUG ]  com.tt.table.Admin:权限检查成功！
2019-05-08 10:40:52  [ http-nio-8098-exec-2:819784 ] - [ DEBUG ]  com.tt.table.Admin:权限检查成功！
2019-05-08 10:41:05  [ http-nio-8098-exec-4:832659 ] - [ INFO ]  权限检查成功！
2019-05-08 10:49:39  [ http-nio-8098-exec-1:0 ] - [ DEBUG ]  ManagerTools:没有登陆哈..
2019-05-08 10:49:41  [ http-nio-8098-exec-4:2265 ] - [ INFO ]  权限检查成功！
2019-05-08 10:49:44  [ http-nio-8098-exec-6:5011 ] - [ INFO ]  权限检查成功！
2019-05-08 10:49:47  [ http-nio-8098-exec-8:8419 ] - [ DEBUG ]  com.tt.table.Admin:权限检查成功！
2019-05-08 10:49:49  [ http-nio-8098-exec-10:10337 ] - [ DEBUG ]  com.tt.table.Admin:权限检查成功！
2019-05-08 10:49:54  [ http-nio-8098-exec-2:14868 ] - [ INFO ]  权限检查成功！
2019-05-08 10:49:56  [ http-nio-8098-exec-4:17393 ] - [ INFO ]  权限检查成功！
2019-05-08 10:49:59  [ http-nio-8098-exec-5:19764 ] - [ INFO ]  权限检查成功！
2019-05-08 10:50:00  [ http-nio-8098-exec-8:21307 ] - [ DEBUG ]  com.tt.table.Admin:权限检查成功！
2019-05-08 10:50:04  [ http-nio-8098-exec-9:25226 ] - [ DEBUG ]  com.tt.table.Admin:权限检查成功！
2019-05-08 10:50:22  [ http-nio-8098-exec-5:42791 ] - [ INFO ]  权限检查成功！
2019-05-08 10:50:23  [ http-nio-8098-exec-6:44179 ] - [ DEBUG ]  com.tt.table.Admin:权限检查成功！
2019-05-08 10:50:24  [ http-nio-8098-exec-8:45436 ] - [ DEBUG ]  com.tt.table.Admin:权限检查成功！
2019-05-08 10:50:27  [ http-nio-8098-exec-9:47612 ] - [ INFO ]  权限检查成功！
2019-05-08 10:50:28  [ http-nio-8098-exec-10:48508 ] - [ INFO ]  权限检查成功！
2019-05-08 10:50:58  [ http-nio-8098-exec-3:78979 ] - [ DEBUG ]  com.tt.table.Admin:权限检查成功！
2019-05-08 10:51:00  [ http-nio-8098-exec-4:80495 ] - [ DEBUG ]  com.tt.table.Admin:权限检查成功！
2019-05-08 10:51:03  [ http-nio-8098-exec-5:83504 ] - [ INFO ]  权限检查成功！
2019-05-08 10:51:04  [ http-nio-8098-exec-6:85409 ] - [ INFO ]  权限检查成功！
2019-05-08 10:51:05  [ http-nio-8098-exec-7:86288 ] - [ INFO ]  权限检查成功！
2019-05-08 10:51:07  [ http-nio-8098-exec-8:87580 ] - [ INFO ]  权限检查成功！
2019-05-08 10:51:08  [ http-nio-8098-exec-9:88584 ] - [ INFO ]  权限检查成功！
2019-05-08 10:54:31  [ http-nio-8098-exec-2:292206 ] - [ INFO ]  权限检查成功！
2019-05-08 10:54:36  [ http-nio-8098-exec-3:296717 ] - [ INFO ]  权限检查成功！
2019-05-08 10:56:28  [ http-nio-8098-exec-6:409446 ] - [ INFO ]  权限检查成功！
2019-05-08 10:56:30  [ http-nio-8098-exec-10:411041 ] - [ DEBUG ]  com.tt.table.Admin:权限检查成功！
2019-05-08 10:56:35  [ http-nio-8098-exec-1:416442 ] - [ DEBUG ]  com.tt.table.Admin:权限检查成功！
2019-05-08 10:56:50  [ http-nio-8098-exec-3:430817 ] - [ DEBUG ]  com.tt.table.Admin:权限检查成功！
2019-05-08 10:57:20  [ http-nio-8098-exec-2:461098 ] - [ DEBUG ]  com.tt.table.Admin:权限检查成功！
2019-05-08 10:57:27  [ http-nio-8098-exec-5:468303 ] - [ INFO ]  权限检查成功！
2019-05-08 10:57:28  [ http-nio-8098-exec-7:469075 ] - [ DEBUG ]  com.tt.table.Admin:权限检查成功！
2019-05-08 10:57:30  [ http-nio-8098-exec-10:471139 ] - [ DEBUG ]  com.tt.table.Admin:权限检查成功！
2019-05-08 10:57:54  [ http-nio-8098-exec-1:494584 ] - [ INFO ]  权限检查成功！
2019-05-08 10:58:03  [ http-nio-8098-exec-5:503521 ] - [ DEBUG ]  com.tt.table.Admin:权限检查成功！
2019-05-08 10:58:04  [ http-nio-8098-exec-7:505060 ] - [ DEBUG ]  com.tt.table.Admin:权限检查成功！
2019-05-08 11:11:14  [ http-nio-8098-exec-1:1294583 ] - [ DEBUG ]  com.tt.table.Admin:权限检查成功！
2019-05-08 11:11:16  [ http-nio-8098-exec-2:1297180 ] - [ DEBUG ]  com.tt.table.Admin:权限检查成功！
2019-05-08 11:11:49  [ http-nio-8098-exec-5:1329696 ] - [ DEBUG ]  com.tt.table.Admin:权限检查成功！
2019-05-08 11:16:44  [ http-nio-8098-exec-5:1624873 ] - [ DEBUG ]  com.tt.table.Admin:权限检查成功！
2019-05-08 11:17:41  [ http-nio-8098-exec-5:1681577 ] - [ DEBUG ]  com.tt.table.Admin:权限检查成功！
2019-05-08 11:19:20  [ http-nio-8098-exec-1:1781427 ] - [ DEBUG ]  com.tt.table.Admin:权限检查成功！
2019-05-08 11:19:41  [ http-nio-8098-exec-9:1801701 ] - [ DEBUG ]  com.tt.table.Admin:权限检查成功！
2019-05-08 11:22:13  [ http-nio-8098-exec-3:1953872 ] - [ DEBUG ]  com.tt.table.Admin:权限检查成功！
2019-05-08 11:23:34  [ http-nio-8098-exec-1:2034698 ] - [ DEBUG ]  com.tt.table.Admin:权限检查成功！
2019-05-08 11:24:50  [ http-nio-8098-exec-2:2110964 ] - [ DEBUG ]  com.tt.table.Admin:权限检查成功！
2019-05-08 11:24:53  [ http-nio-8098-exec-5:2113682 ] - [ DEBUG ]  com.tt.table.Admin:权限检查成功！
2019-05-08 11:24:58  [ http-nio-8098-exec-1:2118764 ] - [ DEBUG ]  com.tt.table.Admin:权限检查成功！
2019-05-08 11:27:37  [ http-nio-8098-exec-1:2277700 ] - [ DEBUG ]  com.tt.table.Admin:权限检查成功！
2019-05-08 11:28:09  [ http-nio-8098-exec-5:2310321 ] - [ DEBUG ]  com.tt.table.Admin:权限检查成功！
2019-05-08 11:28:59  [ http-nio-8098-exec-7:2359690 ] - [ DEBUG ]  com.tt.table.Admin:权限检查成功！
2019-05-08 11:29:13  [ http-nio-8098-exec-7:2373456 ] - [ DEBUG ]  com.tt.table.Admin:权限检查成功！
2019-05-08 11:29:34  [ http-nio-8098-exec-1:2394746 ] - [ DEBUG ]  com.tt.table.Admin:权限检查成功！
2019-05-08 11:31:01  [ http-nio-8098-exec-5:2481592 ] - [ DEBUG ]  com.tt.table.Admin:权限检查成功！
2019-05-08 11:31:37  [ http-nio-8098-exec-3:2518207 ] - [ INFO ]  权限检查成功！
2019-05-08 11:31:42  [ http-nio-8098-exec-1:2522585 ] - [ DEBUG ]  com.tt.table.dsgl:权限检查成功！
2019-05-08 11:31:43  [ http-nio-8098-exec-2:2524384 ] - [ DEBUG ]  com.tt.table.dsgl:权限检查成功！
2019-05-08 11:44:13  [ http-nio-8098-exec-1:3274151 ] - [ DEBUG ]  com.tt.table.dsgl:权限检查成功！
2019-05-08 11:44:19  [ http-nio-8098-exec-2:3279898 ] - [ DEBUG ]  com.tt.table.dsgl:权限检查成功！
2019-05-08 11:44:21  [ http-nio-8098-exec-4:3281991 ] - [ DEBUG ]  com.tt.table.dsgl:权限检查成功！
2019-05-08 11:44:42  [ http-nio-8098-exec-1:3302534 ] - [ DEBUG ]  com.tt.table.dsgl:权限检查成功！
2019-05-08 11:44:59  [ http-nio-8098-exec-6:3320190 ] - [ DEBUG ]  com.tt.table.dsgl:权限检查成功！
2019-05-08 11:45:07  [ http-nio-8098-exec-9:3328442 ] - [ DEBUG ]  com.tt.table.dsgl:权限检查成功！
2019-05-08 11:45:44  [ http-nio-8098-exec-7:3365124 ] - [ DEBUG ]  com.tt.table.dsgl:权限检查成功！
2019-05-08 11:45:59  [ http-nio-8098-exec-2:3379689 ] - [ DEBUG ]  com.tt.table.dsgl:权限检查成功！
2019-05-08 11:47:37  [ http-nio-8098-exec-1:3477810 ] - [ DEBUG ]  com.tt.table.dsgl:权限检查成功！
2019-05-08 11:47:40  [ http-nio-8098-exec-2:3480627 ] - [ DEBUG ]  com.tt.table.dsgl:权限检查成功！
2019-05-08 11:47:44  [ http-nio-8098-exec-5:3485000 ] - [ DEBUG ]  com.tt.table.dsgl:权限检查成功！
2019-05-08 11:47:45  [ http-nio-8098-exec-3:3486032 ] - [ DEBUG ]  com.tt.table.dsgl:权限检查成功！
2019-05-08 11:47:46  [ http-nio-8098-exec-8:3487041 ] - [ DEBUG ]  com.tt.table.dsgl:权限检查成功！
2019-05-08 11:47:48  [ http-nio-8098-exec-7:3488685 ] - [ DEBUG ]  com.tt.table.dsgl:权限检查成功！
2019-05-08 11:48:54  [ http-nio-8098-exec-9:3554914 ] - [ DEBUG ]  com.tt.table.dsgl:权限检查成功！
2019-05-08 11:49:11  [ http-nio-8098-exec-5:3571479 ] - [ DEBUG ]  com.tt.table.dsgl:权限检查成功！
2019-05-08 11:49:13  [ http-nio-8098-exec-7:3574117 ] - [ DEBUG ]  com.tt.table.dsgl:权限检查成功！
2019-05-08 11:49:15  [ http-nio-8098-exec-2:3575572 ] - [ DEBUG ]  com.tt.table.dsgl:权限检查成功！
2019-05-08 11:49:16  [ http-nio-8098-exec-10:3576759 ] - [ DEBUG ]  com.tt.table.dsgl:权限检查成功！
2019-05-08 11:49:44  [ http-nio-8098-exec-4:3604900 ] - [ DEBUG ]  com.tt.table.dsgl:权限检查成功！
2019-05-08 11:49:48  [ http-nio-8098-exec-6:3609130 ] - [ DEBUG ]  com.tt.table.dsgl:权限检查成功！
2019-05-08 11:49:52  [ http-nio-8098-exec-1:3612798 ] - [ DEBUG ]  com.tt.table.dsgl:权限检查成功！
2019-05-08 11:50:18  [ http-nio-8098-exec-3:3639281 ] - [ DEBUG ]  com.tt.table.dsgl:权限检查成功！
2019-05-08 11:50:22  [ http-nio-8098-exec-6:3642452 ] - [ DEBUG ]  com.tt.table.dsgl:权限检查成功！
