[22:57:46] Config - Tools.logError:null
[22:57:46] Config - Tools.logError:com.tt.table.
[22:57:46] Config - Tools.logError:sql injection violation, syntax error: error pos 18, line 1, column 18, token EOF : SHOW COLUMNS FROM 
[22:57:46] Config - Tools.logError:DbCtrl:TT异常：获取数据表所有字段名失败！
[22:57:46] Config - Tools.logError:DbCtrl:<----------------ERROR,获取字段出错---------------->
[10:40:15] Config - Tools.logError:null
[10:40:16] Config - Tools.logError:null
[10:41:42] Config - Tools.logError:null
[10:41:42] Config - Tools.logError:null
[10:42:38] Config - Tools.logError:null
[10:52:14] Config - Tools.logError:null
[10:52:15] Config - Tools.logError:null
[10:52:29] Config - Tools.logError:null
[10:53:55] Config - Tools.logError:null
[10:53:56] Config - Tools.logError:null
[10:54:26] Config - Tools.logError:null
[10:56:18] Config - Tools.logError:null
[10:59:47] Config - Tools.logError:null
[10:59:48] Config - Tools.logError:null
[10:59:56] Config - Tools.logError:null
[11:00:40] Config - Tools.logError:null
[11:00:48] Config - Tools.logError:null
[11:00:55] Config - Tools.logError:null
[11:01:09] Config - Tools.logError:null
[11:01:32] Config - Tools.logError:null
[11:01:44] Config - Tools.logError:null
[11:03:32] Config - Tools.logError:null
[11:09:01] Config - Tools.logError:null
[11:09:02] Config - Tools.logError:null
[11:09:22] Config - Tools.logError:null
[11:09:42] Config - Tools.logError:null
[11:10:09] Config - Tools.logError:null
[11:10:13] Config - Tools.logError:null
[11:10:14] Config - Tools.logError:null
[11:21:15] Config - Tools.logError:null
[11:21:16] Config - Tools.logError:null
[11:21:56] Config - Tools.logError:null
[11:21:56] Config - Tools.logError:null
[11:22:01] Config - Tools.logError:null
[11:22:01] Config - Tools.logError:null
[11:22:04] Config - Tools.logError:null
[11:22:05] Config - Tools.logError:null
[11:22:07] Config - Tools.logError:null
[11:22:08] Config - Tools.logError:null
[11:22:11] Config - Tools.logError:null
[11:22:11] Config - Tools.logError:null
[11:22:14] Config - Tools.logError:null
[11:22:15] Config - Tools.logError:null
[11:22:17] Config - Tools.logError:null
[11:22:18] Config - Tools.logError:null
