2019-05-23 09:21:41  [ http-nio-8098-exec-2:205544 ] - [ ERROR ]  {conn-10002, stmt-20483} execute error. SHOW COLUMNS FROM car_brand_v2
java.sql.SQLSyntaxErrorException: Table 'kcway2.car_brand_v2' doesn't exist
	at com.mysql.cj.jdbc.exceptions.SQLError.createSQLException(SQLError.java:120)
	at com.mysql.cj.jdbc.exceptions.SQLError.createSQLException(SQLError.java:97)
	at com.mysql.cj.jdbc.exceptions.SQLExceptionsMapping.translateException(SQLExceptionsMapping.java:122)
	at com.mysql.cj.jdbc.StatementImpl.executeQuery(StatementImpl.java:1218)
	at com.alibaba.druid.filter.FilterChainImpl.statement_executeQuery(FilterChainImpl.java:2831)
	at com.alibaba.druid.filter.FilterAdapter.statement_executeQuery(FilterAdapter.java:2503)
	at com.alibaba.druid.filter.FilterEventAdapter.statement_executeQuery(FilterEventAdapter.java:302)
	at com.alibaba.druid.filter.FilterChainImpl.statement_executeQuery(FilterChainImpl.java:2828)
	at com.alibaba.druid.wall.WallFilter.statement_executeQuery(WallFilter.java:528)
	at com.alibaba.druid.filter.FilterChainImpl.statement_executeQuery(FilterChainImpl.java:2828)
	at com.alibaba.druid.filter.FilterAdapter.statement_executeQuery(FilterAdapter.java:2503)
	at com.alibaba.druid.filter.FilterEventAdapter.statement_executeQuery(FilterEventAdapter.java:302)
	at com.alibaba.druid.filter.FilterChainImpl.statement_executeQuery(FilterChainImpl.java:2828)
	at com.alibaba.druid.proxy.jdbc.StatementProxyImpl.executeQuery(StatementProxyImpl.java:221)
	at com.alibaba.druid.pool.DruidPooledStatement.executeQuery(DruidPooledStatement.java:291)
	at com.tt.tool.DbTools.reclist(DbTools.java:89)
	at com.tt.tool.DbCtrl.getTableField(DbCtrl.java:423)
	at com.tt.tool.DbCtrl.initconn(DbCtrl.java:323)
	at com.tt.tool.DbCtrl.<init>(DbCtrl.java:261)
	at com.tt.tool.Tools.dicopt(Tools.java:825)
	at org.apache.jsp.WEB_002dINF.jsp.manager.xmgj.xmgj_005fxxzl_form_jsp._jspService(xmgj_005fxxzl_form_jsp.java:1120)
	at org.apache.jasper.runtime.HttpJspBase.service(HttpJspBase.java:70)
	at javax.servlet.http.HttpServlet.service(HttpServlet.java:750)
	at org.apache.jasper.servlet.JspServletWrapper.service(JspServletWrapper.java:476)
	at org.apache.jasper.servlet.JspServlet.serviceJspFile(JspServlet.java:385)
	at org.apache.jasper.servlet.JspServlet.service(JspServlet.java:329)
	at javax.servlet.http.HttpServlet.service(HttpServlet.java:750)
	at org.apache.catalina.core.ApplicationFilterChain.internalDoFilter(ApplicationFilterChain.java:231)
	at org.apache.catalina.core.ApplicationFilterChain.doFilter(ApplicationFilterChain.java:166)
	at org.apache.catalina.core.ApplicationDispatcher.invoke(ApplicationDispatcher.java:712)
	at org.apache.catalina.core.ApplicationDispatcher.doInclude(ApplicationDispatcher.java:580)
	at org.apache.catalina.core.ApplicationDispatcher.include(ApplicationDispatcher.java:516)
	at org.apache.jasper.runtime.JspRuntimeLibrary.include(JspRuntimeLibrary.java:868)
	at org.apache.jsp.WEB_002dINF.jsp.manager.form_jsp._jspService(form_jsp.java:154)
	at org.apache.jasper.runtime.HttpJspBase.service(HttpJspBase.java:70)
	at javax.servlet.http.HttpServlet.service(HttpServlet.java:750)
	at org.apache.jasper.servlet.JspServletWrapper.service(JspServletWrapper.java:476)
	at org.apache.jasper.servlet.JspServlet.serviceJspFile(JspServlet.java:385)
	at org.apache.jasper.servlet.JspServlet.service(JspServlet.java:329)
	at javax.servlet.http.HttpServlet.service(HttpServlet.java:750)
	at org.apache.catalina.core.ApplicationFilterChain.internalDoFilter(ApplicationFilterChain.java:231)
	at org.apache.catalina.core.ApplicationFilterChain.doFilter(ApplicationFilterChain.java:166)
	at org.apache.catalina.core.ApplicationDispatcher.invoke(ApplicationDispatcher.java:712)
	at org.apache.catalina.core.ApplicationDispatcher.doInclude(ApplicationDispatcher.java:580)
	at org.apache.catalina.core.ApplicationDispatcher.include(ApplicationDispatcher.java:516)
	at org.apache.jasper.runtime.JspRuntimeLibrary.include(JspRuntimeLibrary.java:868)
	at org.apache.jsp.WEB_002dINF.jsp.manager.index_005fb_jsp._jspService(index_005fb_jsp.java:965)
	at org.apache.jasper.runtime.HttpJspBase.service(HttpJspBase.java:70)
	at javax.servlet.http.HttpServlet.service(HttpServlet.java:750)
	at org.apache.jasper.servlet.JspServletWrapper.service(JspServletWrapper.java:476)
	at org.apache.jasper.servlet.JspServlet.serviceJspFile(JspServlet.java:385)
	at org.apache.jasper.servlet.JspServlet.service(JspServlet.java:329)
	at javax.servlet.http.HttpServlet.service(HttpServlet.java:750)
	at org.apache.catalina.core.ApplicationFilterChain.internalDoFilter(ApplicationFilterChain.java:231)
	at org.apache.catalina.core.ApplicationFilterChain.doFilter(ApplicationFilterChain.java:166)
	at org.apache.tomcat.websocket.server.WsFilter.doFilter(WsFilter.java:53)
	at org.apache.catalina.core.ApplicationFilterChain.internalDoFilter(ApplicationFilterChain.java:193)
	at org.apache.catalina.core.ApplicationFilterChain.doFilter(ApplicationFilterChain.java:166)
	at org.apache.catalina.core.ApplicationDispatcher.invoke(ApplicationDispatcher.java:712)
	at org.apache.catalina.core.ApplicationDispatcher.processRequest(ApplicationDispatcher.java:459)
	at org.apache.catalina.core.ApplicationDispatcher.doForward(ApplicationDispatcher.java:384)
	at org.apache.catalina.core.ApplicationDispatcher.forward(ApplicationDispatcher.java:312)
	at org.springframework.web.servlet.view.InternalResourceView.renderMergedOutputModel(InternalResourceView.java:170)
	at org.springframework.web.servlet.view.AbstractView.render(AbstractView.java:316)
	at org.springframework.web.servlet.DispatcherServlet.render(DispatcherServlet.java:1370)
	at org.springframework.web.servlet.DispatcherServlet.processDispatchResult(DispatcherServlet.java:1116)
	at org.springframework.web.servlet.DispatcherServlet.doDispatch(DispatcherServlet.java:1055)
	at org.springframework.web.servlet.DispatcherServlet.doService(DispatcherServlet.java:942)
	at org.springframework.web.servlet.FrameworkServlet.processRequest(FrameworkServlet.java:1005)
	at org.springframework.web.servlet.FrameworkServlet.doGet(FrameworkServlet.java:897)
	at javax.servlet.http.HttpServlet.service(HttpServlet.java:645)
	at org.springframework.web.servlet.FrameworkServlet.service(FrameworkServlet.java:882)
	at javax.servlet.http.HttpServlet.service(HttpServlet.java:750)
	at org.apache.catalina.core.ApplicationFilterChain.internalDoFilter(ApplicationFilterChain.java:231)
	at org.apache.catalina.core.ApplicationFilterChain.doFilter(ApplicationFilterChain.java:166)
	at org.apache.tomcat.websocket.server.WsFilter.doFilter(WsFilter.java:53)
	at org.apache.catalina.core.ApplicationFilterChain.internalDoFilter(ApplicationFilterChain.java:193)
	at org.apache.catalina.core.ApplicationFilterChain.doFilter(ApplicationFilterChain.java:166)
	at com.alibaba.druid.support.http.WebStatFilter.doFilter(WebStatFilter.java:123)
	at org.apache.catalina.core.ApplicationFilterChain.internalDoFilter(ApplicationFilterChain.java:193)
	at org.apache.catalina.core.ApplicationFilterChain.doFilter(ApplicationFilterChain.java:166)
	at org.springframework.web.filter.RequestContextFilter.doFilterInternal(RequestContextFilter.java:99)
	at org.springframework.web.filter.OncePerRequestFilter.doFilter(OncePerRequestFilter.java:107)
	at org.apache.catalina.core.ApplicationFilterChain.internalDoFilter(ApplicationFilterChain.java:193)
	at org.apache.catalina.core.ApplicationFilterChain.doFilter(ApplicationFilterChain.java:166)
	at org.springframework.web.filter.FormContentFilter.doFilterInternal(FormContentFilter.java:92)
	at org.springframework.web.filter.OncePerRequestFilter.doFilter(OncePerRequestFilter.java:107)
	at org.apache.catalina.core.ApplicationFilterChain.internalDoFilter(ApplicationFilterChain.java:193)
	at org.apache.catalina.core.ApplicationFilterChain.doFilter(ApplicationFilterChain.java:166)
	at org.springframework.web.filter.HiddenHttpMethodFilter.doFilterInternal(HiddenHttpMethodFilter.java:93)
	at org.springframework.web.filter.OncePerRequestFilter.doFilter(OncePerRequestFilter.java:107)
	at org.apache.catalina.core.ApplicationFilterChain.internalDoFilter(ApplicationFilterChain.java:193)
	at org.apache.catalina.core.ApplicationFilterChain.doFilter(ApplicationFilterChain.java:166)
	at org.springframework.web.filter.CharacterEncodingFilter.doFilterInternal(CharacterEncodingFilter.java:200)
	at org.springframework.web.filter.OncePerRequestFilter.doFilter(OncePerRequestFilter.java:107)
	at org.apache.catalina.core.ApplicationFilterChain.internalDoFilter(ApplicationFilterChain.java:193)
	at org.apache.catalina.core.ApplicationFilterChain.doFilter(ApplicationFilterChain.java:166)
	at org.apache.catalina.core.StandardWrapperValve.invoke(StandardWrapperValve.java:200)
	at org.apache.catalina.core.StandardContextValve.invoke(StandardContextValve.java:96)
	at org.apache.catalina.authenticator.AuthenticatorBase.invoke(AuthenticatorBase.java:490)
	at org.apache.catalina.core.StandardHostValve.invoke(StandardHostValve.java:139)
	at org.apache.catalina.valves.ErrorReportValve.invoke(ErrorReportValve.java:92)
	at org.apache.catalina.core.StandardEngineValve.invoke(StandardEngineValve.java:74)
	at org.apache.catalina.connector.CoyoteAdapter.service(CoyoteAdapter.java:343)
	at org.apache.coyote.http11.Http11Processor.service(Http11Processor.java:408)
	at org.apache.coyote.AbstractProcessorLight.process(AbstractProcessorLight.java:66)
	at org.apache.coyote.AbstractProtocol$ConnectionHandler.process(AbstractProtocol.java:834)
	at org.apache.tomcat.util.net.NioEndpoint$SocketProcessor.doRun(NioEndpoint.java:1415)
	at org.apache.tomcat.util.net.SocketProcessorBase.run(SocketProcessorBase.java:49)
	at java.util.concurrent.ThreadPoolExecutor.runWorker(ThreadPoolExecutor.java:1149)
	at java.util.concurrent.ThreadPoolExecutor$Worker.run(ThreadPoolExecutor.java:624)
	at org.apache.tomcat.util.threads.TaskThread$WrappingRunnable.run(TaskThread.java:61)
	at java.lang.Thread.run(Thread.java:748)
2019-05-23 09:21:41  [ http-nio-8098-exec-2:205582 ] - [ ERROR ]  Tools.logError:Table 'kcway2.car_brand_v2' doesn't exist
2019-05-23 09:21:41  [ http-nio-8098-exec-2:205622 ] - [ ERROR ]  Tools.logError:DbCtrl:TT异常：获取数据表所有字段名失败！car_brand_v2
2019-05-23 09:21:41  [ http-nio-8098-exec-2:205624 ] - [ ERROR ]  Tools.logError:DbCtrl:<----------------ERROR,获取字段出错---------------->
2019-05-23 09:21:41  [ http-nio-8098-exec-2:205626 ] - [ ERROR ]  {conn-10002, stmt-20493} execute error. select SQL_CALC_FOUND_ROWS t.name,t.id from car_brand_v2 t        
java.sql.SQLSyntaxErrorException: Table 'kcway2.car_brand_v2' doesn't exist
	at com.mysql.cj.jdbc.exceptions.SQLError.createSQLException(SQLError.java:120)
	at com.mysql.cj.jdbc.exceptions.SQLError.createSQLException(SQLError.java:97)
	at com.mysql.cj.jdbc.exceptions.SQLExceptionsMapping.translateException(SQLExceptionsMapping.java:122)
	at com.mysql.cj.jdbc.StatementImpl.executeQuery(StatementImpl.java:1218)
	at com.alibaba.druid.filter.FilterChainImpl.statement_executeQuery(FilterChainImpl.java:2831)
	at com.alibaba.druid.filter.FilterAdapter.statement_executeQuery(FilterAdapter.java:2503)
	at com.alibaba.druid.filter.FilterEventAdapter.statement_executeQuery(FilterEventAdapter.java:302)
	at com.alibaba.druid.filter.FilterChainImpl.statement_executeQuery(FilterChainImpl.java:2828)
	at com.alibaba.druid.wall.WallFilter.statement_executeQuery(WallFilter.java:528)
	at com.alibaba.druid.filter.FilterChainImpl.statement_executeQuery(FilterChainImpl.java:2828)
	at com.alibaba.druid.filter.FilterAdapter.statement_executeQuery(FilterAdapter.java:2503)
	at com.alibaba.druid.filter.FilterEventAdapter.statement_executeQuery(FilterEventAdapter.java:302)
	at com.alibaba.druid.filter.FilterChainImpl.statement_executeQuery(FilterChainImpl.java:2828)
	at com.alibaba.druid.proxy.jdbc.StatementProxyImpl.executeQuery(StatementProxyImpl.java:221)
	at com.alibaba.druid.pool.DruidPooledStatement.executeQuery(DruidPooledStatement.java:291)
	at com.tt.tool.DbTools.reclist(DbTools.java:89)
	at com.tt.tool.DbCtrl.lists(DbCtrl.java:679)
	at com.tt.tool.Tools.dicopt(Tools.java:830)
	at org.apache.jsp.WEB_002dINF.jsp.manager.xmgj.xmgj_005fxxzl_form_jsp._jspService(xmgj_005fxxzl_form_jsp.java:1120)
	at org.apache.jasper.runtime.HttpJspBase.service(HttpJspBase.java:70)
	at javax.servlet.http.HttpServlet.service(HttpServlet.java:750)
	at org.apache.jasper.servlet.JspServletWrapper.service(JspServletWrapper.java:476)
	at org.apache.jasper.servlet.JspServlet.serviceJspFile(JspServlet.java:385)
	at org.apache.jasper.servlet.JspServlet.service(JspServlet.java:329)
	at javax.servlet.http.HttpServlet.service(HttpServlet.java:750)
	at org.apache.catalina.core.ApplicationFilterChain.internalDoFilter(ApplicationFilterChain.java:231)
	at org.apache.catalina.core.ApplicationFilterChain.doFilter(ApplicationFilterChain.java:166)
	at org.apache.catalina.core.ApplicationDispatcher.invoke(ApplicationDispatcher.java:712)
	at org.apache.catalina.core.ApplicationDispatcher.doInclude(ApplicationDispatcher.java:580)
	at org.apache.catalina.core.ApplicationDispatcher.include(ApplicationDispatcher.java:516)
	at org.apache.jasper.runtime.JspRuntimeLibrary.include(JspRuntimeLibrary.java:868)
	at org.apache.jsp.WEB_002dINF.jsp.manager.form_jsp._jspService(form_jsp.java:154)
	at org.apache.jasper.runtime.HttpJspBase.service(HttpJspBase.java:70)
	at javax.servlet.http.HttpServlet.service(HttpServlet.java:750)
	at org.apache.jasper.servlet.JspServletWrapper.service(JspServletWrapper.java:476)
	at org.apache.jasper.servlet.JspServlet.serviceJspFile(JspServlet.java:385)
	at org.apache.jasper.servlet.JspServlet.service(JspServlet.java:329)
	at javax.servlet.http.HttpServlet.service(HttpServlet.java:750)
	at org.apache.catalina.core.ApplicationFilterChain.internalDoFilter(ApplicationFilterChain.java:231)
	at org.apache.catalina.core.ApplicationFilterChain.doFilter(ApplicationFilterChain.java:166)
	at org.apache.catalina.core.ApplicationDispatcher.invoke(ApplicationDispatcher.java:712)
	at org.apache.catalina.core.ApplicationDispatcher.doInclude(ApplicationDispatcher.java:580)
	at org.apache.catalina.core.ApplicationDispatcher.include(ApplicationDispatcher.java:516)
	at org.apache.jasper.runtime.JspRuntimeLibrary.include(JspRuntimeLibrary.java:868)
	at org.apache.jsp.WEB_002dINF.jsp.manager.index_005fb_jsp._jspService(index_005fb_jsp.java:965)
	at org.apache.jasper.runtime.HttpJspBase.service(HttpJspBase.java:70)
	at javax.servlet.http.HttpServlet.service(HttpServlet.java:750)
	at org.apache.jasper.servlet.JspServletWrapper.service(JspServletWrapper.java:476)
	at org.apache.jasper.servlet.JspServlet.serviceJspFile(JspServlet.java:385)
	at org.apache.jasper.servlet.JspServlet.service(JspServlet.java:329)
	at javax.servlet.http.HttpServlet.service(HttpServlet.java:750)
	at org.apache.catalina.core.ApplicationFilterChain.internalDoFilter(ApplicationFilterChain.java:231)
	at org.apache.catalina.core.ApplicationFilterChain.doFilter(ApplicationFilterChain.java:166)
	at org.apache.tomcat.websocket.server.WsFilter.doFilter(WsFilter.java:53)
	at org.apache.catalina.core.ApplicationFilterChain.internalDoFilter(ApplicationFilterChain.java:193)
	at org.apache.catalina.core.ApplicationFilterChain.doFilter(ApplicationFilterChain.java:166)
	at org.apache.catalina.core.ApplicationDispatcher.invoke(ApplicationDispatcher.java:712)
	at org.apache.catalina.core.ApplicationDispatcher.processRequest(ApplicationDispatcher.java:459)
	at org.apache.catalina.core.ApplicationDispatcher.doForward(ApplicationDispatcher.java:384)
	at org.apache.catalina.core.ApplicationDispatcher.forward(ApplicationDispatcher.java:312)
	at org.springframework.web.servlet.view.InternalResourceView.renderMergedOutputModel(InternalResourceView.java:170)
	at org.springframework.web.servlet.view.AbstractView.render(AbstractView.java:316)
	at org.springframework.web.servlet.DispatcherServlet.render(DispatcherServlet.java:1370)
	at org.springframework.web.servlet.DispatcherServlet.processDispatchResult(DispatcherServlet.java:1116)
	at org.springframework.web.servlet.DispatcherServlet.doDispatch(DispatcherServlet.java:1055)
	at org.springframework.web.servlet.DispatcherServlet.doService(DispatcherServlet.java:942)
	at org.springframework.web.servlet.FrameworkServlet.processRequest(FrameworkServlet.java:1005)
	at org.springframework.web.servlet.FrameworkServlet.doGet(FrameworkServlet.java:897)
	at javax.servlet.http.HttpServlet.service(HttpServlet.java:645)
	at org.springframework.web.servlet.FrameworkServlet.service(FrameworkServlet.java:882)
	at javax.servlet.http.HttpServlet.service(HttpServlet.java:750)
	at org.apache.catalina.core.ApplicationFilterChain.internalDoFilter(ApplicationFilterChain.java:231)
	at org.apache.catalina.core.ApplicationFilterChain.doFilter(ApplicationFilterChain.java:166)
	at org.apache.tomcat.websocket.server.WsFilter.doFilter(WsFilter.java:53)
	at org.apache.catalina.core.ApplicationFilterChain.internalDoFilter(ApplicationFilterChain.java:193)
	at org.apache.catalina.core.ApplicationFilterChain.doFilter(ApplicationFilterChain.java:166)
	at com.alibaba.druid.support.http.WebStatFilter.doFilter(WebStatFilter.java:123)
	at org.apache.catalina.core.ApplicationFilterChain.internalDoFilter(ApplicationFilterChain.java:193)
	at org.apache.catalina.core.ApplicationFilterChain.doFilter(ApplicationFilterChain.java:166)
	at org.springframework.web.filter.RequestContextFilter.doFilterInternal(RequestContextFilter.java:99)
	at org.springframework.web.filter.OncePerRequestFilter.doFilter(OncePerRequestFilter.java:107)
	at org.apache.catalina.core.ApplicationFilterChain.internalDoFilter(ApplicationFilterChain.java:193)
	at org.apache.catalina.core.ApplicationFilterChain.doFilter(ApplicationFilterChain.java:166)
	at org.springframework.web.filter.FormContentFilter.doFilterInternal(FormContentFilter.java:92)
	at org.springframework.web.filter.OncePerRequestFilter.doFilter(OncePerRequestFilter.java:107)
	at org.apache.catalina.core.ApplicationFilterChain.internalDoFilter(ApplicationFilterChain.java:193)
	at org.apache.catalina.core.ApplicationFilterChain.doFilter(ApplicationFilterChain.java:166)
	at org.springframework.web.filter.HiddenHttpMethodFilter.doFilterInternal(HiddenHttpMethodFilter.java:93)
	at org.springframework.web.filter.OncePerRequestFilter.doFilter(OncePerRequestFilter.java:107)
	at org.apache.catalina.core.ApplicationFilterChain.internalDoFilter(ApplicationFilterChain.java:193)
	at org.apache.catalina.core.ApplicationFilterChain.doFilter(ApplicationFilterChain.java:166)
	at org.springframework.web.filter.CharacterEncodingFilter.doFilterInternal(CharacterEncodingFilter.java:200)
	at org.springframework.web.filter.OncePerRequestFilter.doFilter(OncePerRequestFilter.java:107)
	at org.apache.catalina.core.ApplicationFilterChain.internalDoFilter(ApplicationFilterChain.java:193)
	at org.apache.catalina.core.ApplicationFilterChain.doFilter(ApplicationFilterChain.java:166)
	at org.apache.catalina.core.StandardWrapperValve.invoke(StandardWrapperValve.java:200)
	at org.apache.catalina.core.StandardContextValve.invoke(StandardContextValve.java:96)
	at org.apache.catalina.authenticator.AuthenticatorBase.invoke(AuthenticatorBase.java:490)
	at org.apache.catalina.core.StandardHostValve.invoke(StandardHostValve.java:139)
	at org.apache.catalina.valves.ErrorReportValve.invoke(ErrorReportValve.java:92)
	at org.apache.catalina.core.StandardEngineValve.invoke(StandardEngineValve.java:74)
	at org.apache.catalina.connector.CoyoteAdapter.service(CoyoteAdapter.java:343)
	at org.apache.coyote.http11.Http11Processor.service(Http11Processor.java:408)
	at org.apache.coyote.AbstractProcessorLight.process(AbstractProcessorLight.java:66)
	at org.apache.coyote.AbstractProtocol$ConnectionHandler.process(AbstractProtocol.java:834)
	at org.apache.tomcat.util.net.NioEndpoint$SocketProcessor.doRun(NioEndpoint.java:1415)
	at org.apache.tomcat.util.net.SocketProcessorBase.run(SocketProcessorBase.java:49)
	at java.util.concurrent.ThreadPoolExecutor.runWorker(ThreadPoolExecutor.java:1149)
	at java.util.concurrent.ThreadPoolExecutor$Worker.run(ThreadPoolExecutor.java:624)
	at org.apache.tomcat.util.threads.TaskThread$WrappingRunnable.run(TaskThread.java:61)
	at java.lang.Thread.run(Thread.java:748)
2019-05-23 09:21:41  [ http-nio-8098-exec-2:205630 ] - [ ERROR ]  Tools.logError:Table 'kcway2.car_brand_v2' doesn't exist
2019-05-23 09:21:41  [ http-nio-8098-exec-9:205852 ] - [ ERROR ]  {conn-10002, stmt-20495} execute error. SHOW COLUMNS FROM car_series_v2
java.sql.SQLSyntaxErrorException: Table 'kcway2.car_series_v2' doesn't exist
	at com.mysql.cj.jdbc.exceptions.SQLError.createSQLException(SQLError.java:120)
	at com.mysql.cj.jdbc.exceptions.SQLError.createSQLException(SQLError.java:97)
	at com.mysql.cj.jdbc.exceptions.SQLExceptionsMapping.translateException(SQLExceptionsMapping.java:122)
	at com.mysql.cj.jdbc.StatementImpl.executeQuery(StatementImpl.java:1218)
	at com.alibaba.druid.filter.FilterChainImpl.statement_executeQuery(FilterChainImpl.java:2831)
	at com.alibaba.druid.filter.FilterAdapter.statement_executeQuery(FilterAdapter.java:2503)
	at com.alibaba.druid.filter.FilterEventAdapter.statement_executeQuery(FilterEventAdapter.java:302)
	at com.alibaba.druid.filter.FilterChainImpl.statement_executeQuery(FilterChainImpl.java:2828)
	at com.alibaba.druid.wall.WallFilter.statement_executeQuery(WallFilter.java:528)
	at com.alibaba.druid.filter.FilterChainImpl.statement_executeQuery(FilterChainImpl.java:2828)
	at com.alibaba.druid.filter.FilterAdapter.statement_executeQuery(FilterAdapter.java:2503)
	at com.alibaba.druid.filter.FilterEventAdapter.statement_executeQuery(FilterEventAdapter.java:302)
	at com.alibaba.druid.filter.FilterChainImpl.statement_executeQuery(FilterChainImpl.java:2828)
	at com.alibaba.druid.proxy.jdbc.StatementProxyImpl.executeQuery(StatementProxyImpl.java:221)
	at com.alibaba.druid.pool.DruidPooledStatement.executeQuery(DruidPooledStatement.java:291)
	at com.tt.tool.DbTools.reclist(DbTools.java:89)
	at com.tt.tool.DbCtrl.getTableField(DbCtrl.java:423)
	at com.tt.tool.DbCtrl.initconn(DbCtrl.java:323)
	at com.tt.tool.DbCtrl.<init>(DbCtrl.java:261)
	at com.tt.tool.Tools.dicopt(Tools.java:885)
	at com.tt.tool.Ajax.ShowAjax(Ajax.java:64)
	at sun.reflect.NativeMethodAccessorImpl.invoke0(Native Method)
	at sun.reflect.NativeMethodAccessorImpl.invoke(NativeMethodAccessorImpl.java:62)
	at sun.reflect.DelegatingMethodAccessorImpl.invoke(DelegatingMethodAccessorImpl.java:43)
	at java.lang.reflect.Method.invoke(Method.java:498)
	at org.springframework.web.method.support.InvocableHandlerMethod.doInvoke(InvocableHandlerMethod.java:189)
	at org.springframework.web.method.support.InvocableHandlerMethod.invokeForRequest(InvocableHandlerMethod.java:138)
	at org.springframework.web.servlet.mvc.method.annotation.ServletInvocableHandlerMethod.invokeAndHandle(ServletInvocableHandlerMethod.java:102)
	at org.springframework.web.servlet.mvc.method.annotation.RequestMappingHandlerAdapter.invokeHandlerMethod(RequestMappingHandlerAdapter.java:895)
	at org.springframework.web.servlet.mvc.method.annotation.RequestMappingHandlerAdapter.handleInternal(RequestMappingHandlerAdapter.java:800)
	at org.springframework.web.servlet.mvc.method.AbstractHandlerMethodAdapter.handle(AbstractHandlerMethodAdapter.java:87)
	at org.springframework.web.servlet.DispatcherServlet.doDispatch(DispatcherServlet.java:1038)
	at org.springframework.web.servlet.DispatcherServlet.doService(DispatcherServlet.java:942)
	at org.springframework.web.servlet.FrameworkServlet.processRequest(FrameworkServlet.java:1005)
	at org.springframework.web.servlet.FrameworkServlet.doGet(FrameworkServlet.java:897)
	at javax.servlet.http.HttpServlet.service(HttpServlet.java:645)
	at org.springframework.web.servlet.FrameworkServlet.service(FrameworkServlet.java:882)
	at javax.servlet.http.HttpServlet.service(HttpServlet.java:750)
	at org.apache.catalina.core.ApplicationFilterChain.internalDoFilter(ApplicationFilterChain.java:231)
	at org.apache.catalina.core.ApplicationFilterChain.doFilter(ApplicationFilterChain.java:166)
	at org.apache.tomcat.websocket.server.WsFilter.doFilter(WsFilter.java:53)
	at org.apache.catalina.core.ApplicationFilterChain.internalDoFilter(ApplicationFilterChain.java:193)
	at org.apache.catalina.core.ApplicationFilterChain.doFilter(ApplicationFilterChain.java:166)
	at com.alibaba.druid.support.http.WebStatFilter.doFilter(WebStatFilter.java:123)
	at org.apache.catalina.core.ApplicationFilterChain.internalDoFilter(ApplicationFilterChain.java:193)
	at org.apache.catalina.core.ApplicationFilterChain.doFilter(ApplicationFilterChain.java:166)
	at org.springframework.web.filter.RequestContextFilter.doFilterInternal(RequestContextFilter.java:99)
	at org.springframework.web.filter.OncePerRequestFilter.doFilter(OncePerRequestFilter.java:107)
	at org.apache.catalina.core.ApplicationFilterChain.internalDoFilter(ApplicationFilterChain.java:193)
	at org.apache.catalina.core.ApplicationFilterChain.doFilter(ApplicationFilterChain.java:166)
	at org.springframework.web.filter.FormContentFilter.doFilterInternal(FormContentFilter.java:92)
	at org.springframework.web.filter.OncePerRequestFilter.doFilter(OncePerRequestFilter.java:107)
	at org.apache.catalina.core.ApplicationFilterChain.internalDoFilter(ApplicationFilterChain.java:193)
	at org.apache.catalina.core.ApplicationFilterChain.doFilter(ApplicationFilterChain.java:166)
	at org.springframework.web.filter.HiddenHttpMethodFilter.doFilterInternal(HiddenHttpMethodFilter.java:93)
	at org.springframework.web.filter.OncePerRequestFilter.doFilter(OncePerRequestFilter.java:107)
	at org.apache.catalina.core.ApplicationFilterChain.internalDoFilter(ApplicationFilterChain.java:193)
	at org.apache.catalina.core.ApplicationFilterChain.doFilter(ApplicationFilterChain.java:166)
	at org.springframework.web.filter.CharacterEncodingFilter.doFilterInternal(CharacterEncodingFilter.java:200)
	at org.springframework.web.filter.OncePerRequestFilter.doFilter(OncePerRequestFilter.java:107)
	at org.apache.catalina.core.ApplicationFilterChain.internalDoFilter(ApplicationFilterChain.java:193)
	at org.apache.catalina.core.ApplicationFilterChain.doFilter(ApplicationFilterChain.java:166)
	at org.apache.catalina.core.StandardWrapperValve.invoke(StandardWrapperValve.java:200)
	at org.apache.catalina.core.StandardContextValve.invoke(StandardContextValve.java:96)
	at org.apache.catalina.authenticator.AuthenticatorBase.invoke(AuthenticatorBase.java:490)
	at org.apache.catalina.core.StandardHostValve.invoke(StandardHostValve.java:139)
	at org.apache.catalina.valves.ErrorReportValve.invoke(ErrorReportValve.java:92)
	at org.apache.catalina.core.StandardEngineValve.invoke(StandardEngineValve.java:74)
	at org.apache.catalina.connector.CoyoteAdapter.service(CoyoteAdapter.java:343)
	at org.apache.coyote.http11.Http11Processor.service(Http11Processor.java:408)
	at org.apache.coyote.AbstractProcessorLight.process(AbstractProcessorLight.java:66)
	at org.apache.coyote.AbstractProtocol$ConnectionHandler.process(AbstractProtocol.java:834)
	at org.apache.tomcat.util.net.NioEndpoint$SocketProcessor.doRun(NioEndpoint.java:1415)
	at org.apache.tomcat.util.net.SocketProcessorBase.run(SocketProcessorBase.java:49)
	at java.util.concurrent.ThreadPoolExecutor.runWorker(ThreadPoolExecutor.java:1149)
	at java.util.concurrent.ThreadPoolExecutor$Worker.run(ThreadPoolExecutor.java:624)
	at org.apache.tomcat.util.threads.TaskThread$WrappingRunnable.run(TaskThread.java:61)
	at java.lang.Thread.run(Thread.java:748)
2019-05-23 09:21:41  [ http-nio-8098-exec-5:205855 ] - [ ERROR ]  {conn-10003, stmt-20496} execute error. SHOW COLUMNS FROM car_model_v2
java.sql.SQLSyntaxErrorException: Table 'kcway2.car_model_v2' doesn't exist
	at com.mysql.cj.jdbc.exceptions.SQLError.createSQLException(SQLError.java:120)
	at com.mysql.cj.jdbc.exceptions.SQLError.createSQLException(SQLError.java:97)
	at com.mysql.cj.jdbc.exceptions.SQLExceptionsMapping.translateException(SQLExceptionsMapping.java:122)
	at com.mysql.cj.jdbc.StatementImpl.executeQuery(StatementImpl.java:1218)
	at com.alibaba.druid.filter.FilterChainImpl.statement_executeQuery(FilterChainImpl.java:2831)
	at com.alibaba.druid.filter.FilterAdapter.statement_executeQuery(FilterAdapter.java:2503)
	at com.alibaba.druid.filter.FilterEventAdapter.statement_executeQuery(FilterEventAdapter.java:302)
	at com.alibaba.druid.filter.FilterChainImpl.statement_executeQuery(FilterChainImpl.java:2828)
	at com.alibaba.druid.wall.WallFilter.statement_executeQuery(WallFilter.java:528)
	at com.alibaba.druid.filter.FilterChainImpl.statement_executeQuery(FilterChainImpl.java:2828)
	at com.alibaba.druid.filter.FilterAdapter.statement_executeQuery(FilterAdapter.java:2503)
	at com.alibaba.druid.filter.FilterEventAdapter.statement_executeQuery(FilterEventAdapter.java:302)
	at com.alibaba.druid.filter.FilterChainImpl.statement_executeQuery(FilterChainImpl.java:2828)
	at com.alibaba.druid.proxy.jdbc.StatementProxyImpl.executeQuery(StatementProxyImpl.java:221)
	at com.alibaba.druid.pool.DruidPooledStatement.executeQuery(DruidPooledStatement.java:291)
	at com.tt.tool.DbTools.reclist(DbTools.java:89)
	at com.tt.tool.DbCtrl.getTableField(DbCtrl.java:423)
	at com.tt.tool.DbCtrl.initconn(DbCtrl.java:323)
	at com.tt.tool.DbCtrl.<init>(DbCtrl.java:261)
	at com.tt.tool.Tools.dicopt(Tools.java:885)
	at com.tt.tool.Ajax.ShowAjax(Ajax.java:64)
	at sun.reflect.NativeMethodAccessorImpl.invoke0(Native Method)
	at sun.reflect.NativeMethodAccessorImpl.invoke(NativeMethodAccessorImpl.java:62)
	at sun.reflect.DelegatingMethodAccessorImpl.invoke(DelegatingMethodAccessorImpl.java:43)
	at java.lang.reflect.Method.invoke(Method.java:498)
	at org.springframework.web.method.support.InvocableHandlerMethod.doInvoke(InvocableHandlerMethod.java:189)
	at org.springframework.web.method.support.InvocableHandlerMethod.invokeForRequest(InvocableHandlerMethod.java:138)
	at org.springframework.web.servlet.mvc.method.annotation.ServletInvocableHandlerMethod.invokeAndHandle(ServletInvocableHandlerMethod.java:102)
	at org.springframework.web.servlet.mvc.method.annotation.RequestMappingHandlerAdapter.invokeHandlerMethod(RequestMappingHandlerAdapter.java:895)
	at org.springframework.web.servlet.mvc.method.annotation.RequestMappingHandlerAdapter.handleInternal(RequestMappingHandlerAdapter.java:800)
	at org.springframework.web.servlet.mvc.method.AbstractHandlerMethodAdapter.handle(AbstractHandlerMethodAdapter.java:87)
	at org.springframework.web.servlet.DispatcherServlet.doDispatch(DispatcherServlet.java:1038)
	at org.springframework.web.servlet.DispatcherServlet.doService(DispatcherServlet.java:942)
	at org.springframework.web.servlet.FrameworkServlet.processRequest(FrameworkServlet.java:1005)
	at org.springframework.web.servlet.FrameworkServlet.doGet(FrameworkServlet.java:897)
	at javax.servlet.http.HttpServlet.service(HttpServlet.java:645)
	at org.springframework.web.servlet.FrameworkServlet.service(FrameworkServlet.java:882)
	at javax.servlet.http.HttpServlet.service(HttpServlet.java:750)
	at org.apache.catalina.core.ApplicationFilterChain.internalDoFilter(ApplicationFilterChain.java:231)
	at org.apache.catalina.core.ApplicationFilterChain.doFilter(ApplicationFilterChain.java:166)
	at org.apache.tomcat.websocket.server.WsFilter.doFilter(WsFilter.java:53)
	at org.apache.catalina.core.ApplicationFilterChain.internalDoFilter(ApplicationFilterChain.java:193)
	at org.apache.catalina.core.ApplicationFilterChain.doFilter(ApplicationFilterChain.java:166)
	at com.alibaba.druid.support.http.WebStatFilter.doFilter(WebStatFilter.java:123)
	at org.apache.catalina.core.ApplicationFilterChain.internalDoFilter(ApplicationFilterChain.java:193)
	at org.apache.catalina.core.ApplicationFilterChain.doFilter(ApplicationFilterChain.java:166)
	at org.springframework.web.filter.RequestContextFilter.doFilterInternal(RequestContextFilter.java:99)
	at org.springframework.web.filter.OncePerRequestFilter.doFilter(OncePerRequestFilter.java:107)
	at org.apache.catalina.core.ApplicationFilterChain.internalDoFilter(ApplicationFilterChain.java:193)
	at org.apache.catalina.core.ApplicationFilterChain.doFilter(ApplicationFilterChain.java:166)
	at org.springframework.web.filter.FormContentFilter.doFilterInternal(FormContentFilter.java:92)
	at org.springframework.web.filter.OncePerRequestFilter.doFilter(OncePerRequestFilter.java:107)
	at org.apache.catalina.core.ApplicationFilterChain.internalDoFilter(ApplicationFilterChain.java:193)
	at org.apache.catalina.core.ApplicationFilterChain.doFilter(ApplicationFilterChain.java:166)
	at org.springframework.web.filter.HiddenHttpMethodFilter.doFilterInternal(HiddenHttpMethodFilter.java:93)
	at org.springframework.web.filter.OncePerRequestFilter.doFilter(OncePerRequestFilter.java:107)
	at org.apache.catalina.core.ApplicationFilterChain.internalDoFilter(ApplicationFilterChain.java:193)
	at org.apache.catalina.core.ApplicationFilterChain.doFilter(ApplicationFilterChain.java:166)
	at org.springframework.web.filter.CharacterEncodingFilter.doFilterInternal(CharacterEncodingFilter.java:200)
	at org.springframework.web.filter.OncePerRequestFilter.doFilter(OncePerRequestFilter.java:107)
	at org.apache.catalina.core.ApplicationFilterChain.internalDoFilter(ApplicationFilterChain.java:193)
	at org.apache.catalina.core.ApplicationFilterChain.doFilter(ApplicationFilterChain.java:166)
	at org.apache.catalina.core.StandardWrapperValve.invoke(StandardWrapperValve.java:200)
	at org.apache.catalina.core.StandardContextValve.invoke(StandardContextValve.java:96)
	at org.apache.catalina.authenticator.AuthenticatorBase.invoke(AuthenticatorBase.java:490)
	at org.apache.catalina.core.StandardHostValve.invoke(StandardHostValve.java:139)
	at org.apache.catalina.valves.ErrorReportValve.invoke(ErrorReportValve.java:92)
	at org.apache.catalina.core.StandardEngineValve.invoke(StandardEngineValve.java:74)
	at org.apache.catalina.connector.CoyoteAdapter.service(CoyoteAdapter.java:343)
	at org.apache.coyote.http11.Http11Processor.service(Http11Processor.java:408)
	at org.apache.coyote.AbstractProcessorLight.process(AbstractProcessorLight.java:66)
	at org.apache.coyote.AbstractProtocol$ConnectionHandler.process(AbstractProtocol.java:834)
	at org.apache.tomcat.util.net.NioEndpoint$SocketProcessor.doRun(NioEndpoint.java:1415)
	at org.apache.tomcat.util.net.SocketProcessorBase.run(SocketProcessorBase.java:49)
	at java.util.concurrent.ThreadPoolExecutor.runWorker(ThreadPoolExecutor.java:1149)
	at java.util.concurrent.ThreadPoolExecutor$Worker.run(ThreadPoolExecutor.java:624)
	at org.apache.tomcat.util.threads.TaskThread$WrappingRunnable.run(TaskThread.java:61)
	at java.lang.Thread.run(Thread.java:748)
2019-05-23 09:21:41  [ http-nio-8098-exec-9:206106 ] - [ ERROR ]  Tools.logError:Table 'kcway2.car_series_v2' doesn't exist
2019-05-23 09:21:41  [ http-nio-8098-exec-5:206111 ] - [ ERROR ]  Tools.logError:Table 'kcway2.car_model_v2' doesn't exist
2019-05-23 09:21:41  [ http-nio-8098-exec-9:206112 ] - [ ERROR ]  Tools.logError:DbCtrl:TT异常：获取数据表所有字段名失败！car_series_v2
2019-05-23 09:21:41  [ http-nio-8098-exec-9:206117 ] - [ ERROR ]  Tools.logError:DbCtrl:<----------------ERROR,获取字段出错---------------->
2019-05-23 09:21:41  [ http-nio-8098-exec-5:206119 ] - [ ERROR ]  Tools.logError:DbCtrl:TT异常：获取数据表所有字段名失败！car_model_v2
2019-05-23 09:21:41  [ http-nio-8098-exec-9:206119 ] - [ ERROR ]  {conn-10002, stmt-20497} execute error. select SQL_CALC_FOUND_ROWS t.name,t.id from car_series_v2 t     where brand_id='0'    
java.sql.SQLSyntaxErrorException: Table 'kcway2.car_series_v2' doesn't exist
	at com.mysql.cj.jdbc.exceptions.SQLError.createSQLException(SQLError.java:120)
	at com.mysql.cj.jdbc.exceptions.SQLError.createSQLException(SQLError.java:97)
	at com.mysql.cj.jdbc.exceptions.SQLExceptionsMapping.translateException(SQLExceptionsMapping.java:122)
	at com.mysql.cj.jdbc.StatementImpl.executeQuery(StatementImpl.java:1218)
	at com.alibaba.druid.filter.FilterChainImpl.statement_executeQuery(FilterChainImpl.java:2831)
	at com.alibaba.druid.filter.FilterAdapter.statement_executeQuery(FilterAdapter.java:2503)
	at com.alibaba.druid.filter.FilterEventAdapter.statement_executeQuery(FilterEventAdapter.java:302)
	at com.alibaba.druid.filter.FilterChainImpl.statement_executeQuery(FilterChainImpl.java:2828)
	at com.alibaba.druid.wall.WallFilter.statement_executeQuery(WallFilter.java:528)
	at com.alibaba.druid.filter.FilterChainImpl.statement_executeQuery(FilterChainImpl.java:2828)
	at com.alibaba.druid.filter.FilterAdapter.statement_executeQuery(FilterAdapter.java:2503)
	at com.alibaba.druid.filter.FilterEventAdapter.statement_executeQuery(FilterEventAdapter.java:302)
	at com.alibaba.druid.filter.FilterChainImpl.statement_executeQuery(FilterChainImpl.java:2828)
	at com.alibaba.druid.proxy.jdbc.StatementProxyImpl.executeQuery(StatementProxyImpl.java:221)
	at com.alibaba.druid.pool.DruidPooledStatement.executeQuery(DruidPooledStatement.java:291)
	at com.tt.tool.DbTools.reclist(DbTools.java:89)
	at com.tt.tool.DbCtrl.lists(DbCtrl.java:679)
	at com.tt.tool.Tools.dicopt(Tools.java:902)
	at com.tt.tool.Ajax.ShowAjax(Ajax.java:64)
	at sun.reflect.NativeMethodAccessorImpl.invoke0(Native Method)
	at sun.reflect.NativeMethodAccessorImpl.invoke(NativeMethodAccessorImpl.java:62)
	at sun.reflect.DelegatingMethodAccessorImpl.invoke(DelegatingMethodAccessorImpl.java:43)
	at java.lang.reflect.Method.invoke(Method.java:498)
	at org.springframework.web.method.support.InvocableHandlerMethod.doInvoke(InvocableHandlerMethod.java:189)
	at org.springframework.web.method.support.InvocableHandlerMethod.invokeForRequest(InvocableHandlerMethod.java:138)
	at org.springframework.web.servlet.mvc.method.annotation.ServletInvocableHandlerMethod.invokeAndHandle(ServletInvocableHandlerMethod.java:102)
	at org.springframework.web.servlet.mvc.method.annotation.RequestMappingHandlerAdapter.invokeHandlerMethod(RequestMappingHandlerAdapter.java:895)
	at org.springframework.web.servlet.mvc.method.annotation.RequestMappingHandlerAdapter.handleInternal(RequestMappingHandlerAdapter.java:800)
	at org.springframework.web.servlet.mvc.method.AbstractHandlerMethodAdapter.handle(AbstractHandlerMethodAdapter.java:87)
	at org.springframework.web.servlet.DispatcherServlet.doDispatch(DispatcherServlet.java:1038)
	at org.springframework.web.servlet.DispatcherServlet.doService(DispatcherServlet.java:942)
	at org.springframework.web.servlet.FrameworkServlet.processRequest(FrameworkServlet.java:1005)
	at org.springframework.web.servlet.FrameworkServlet.doGet(FrameworkServlet.java:897)
	at javax.servlet.http.HttpServlet.service(HttpServlet.java:645)
	at org.springframework.web.servlet.FrameworkServlet.service(FrameworkServlet.java:882)
	at javax.servlet.http.HttpServlet.service(HttpServlet.java:750)
	at org.apache.catalina.core.ApplicationFilterChain.internalDoFilter(ApplicationFilterChain.java:231)
	at org.apache.catalina.core.ApplicationFilterChain.doFilter(ApplicationFilterChain.java:166)
	at org.apache.tomcat.websocket.server.WsFilter.doFilter(WsFilter.java:53)
	at org.apache.catalina.core.ApplicationFilterChain.internalDoFilter(ApplicationFilterChain.java:193)
	at org.apache.catalina.core.ApplicationFilterChain.doFilter(ApplicationFilterChain.java:166)
	at com.alibaba.druid.support.http.WebStatFilter.doFilter(WebStatFilter.java:123)
	at org.apache.catalina.core.ApplicationFilterChain.internalDoFilter(ApplicationFilterChain.java:193)
	at org.apache.catalina.core.ApplicationFilterChain.doFilter(ApplicationFilterChain.java:166)
	at org.springframework.web.filter.RequestContextFilter.doFilterInternal(RequestContextFilter.java:99)
	at org.springframework.web.filter.OncePerRequestFilter.doFilter(OncePerRequestFilter.java:107)
	at org.apache.catalina.core.ApplicationFilterChain.internalDoFilter(ApplicationFilterChain.java:193)
	at org.apache.catalina.core.ApplicationFilterChain.doFilter(ApplicationFilterChain.java:166)
	at org.springframework.web.filter.FormContentFilter.doFilterInternal(FormContentFilter.java:92)
	at org.springframework.web.filter.OncePerRequestFilter.doFilter(OncePerRequestFilter.java:107)
	at org.apache.catalina.core.ApplicationFilterChain.internalDoFilter(ApplicationFilterChain.java:193)
	at org.apache.catalina.core.ApplicationFilterChain.doFilter(ApplicationFilterChain.java:166)
	at org.springframework.web.filter.HiddenHttpMethodFilter.doFilterInternal(HiddenHttpMethodFilter.java:93)
	at org.springframework.web.filter.OncePerRequestFilter.doFilter(OncePerRequestFilter.java:107)
	at org.apache.catalina.core.ApplicationFilterChain.internalDoFilter(ApplicationFilterChain.java:193)
	at org.apache.catalina.core.ApplicationFilterChain.doFilter(ApplicationFilterChain.java:166)
	at org.springframework.web.filter.CharacterEncodingFilter.doFilterInternal(CharacterEncodingFilter.java:200)
	at org.springframework.web.filter.OncePerRequestFilter.doFilter(OncePerRequestFilter.java:107)
	at org.apache.catalina.core.ApplicationFilterChain.internalDoFilter(ApplicationFilterChain.java:193)
	at org.apache.catalina.core.ApplicationFilterChain.doFilter(ApplicationFilterChain.java:166)
	at org.apache.catalina.core.StandardWrapperValve.invoke(StandardWrapperValve.java:200)
	at org.apache.catalina.core.StandardContextValve.invoke(StandardContextValve.java:96)
	at org.apache.catalina.authenticator.AuthenticatorBase.invoke(AuthenticatorBase.java:490)
	at org.apache.catalina.core.StandardHostValve.invoke(StandardHostValve.java:139)
	at org.apache.catalina.valves.ErrorReportValve.invoke(ErrorReportValve.java:92)
	at org.apache.catalina.core.StandardEngineValve.invoke(StandardEngineValve.java:74)
	at org.apache.catalina.connector.CoyoteAdapter.service(CoyoteAdapter.java:343)
	at org.apache.coyote.http11.Http11Processor.service(Http11Processor.java:408)
	at org.apache.coyote.AbstractProcessorLight.process(AbstractProcessorLight.java:66)
	at org.apache.coyote.AbstractProtocol$ConnectionHandler.process(AbstractProtocol.java:834)
	at org.apache.tomcat.util.net.NioEndpoint$SocketProcessor.doRun(NioEndpoint.java:1415)
	at org.apache.tomcat.util.net.SocketProcessorBase.run(SocketProcessorBase.java:49)
	at java.util.concurrent.ThreadPoolExecutor.runWorker(ThreadPoolExecutor.java:1149)
	at java.util.concurrent.ThreadPoolExecutor$Worker.run(ThreadPoolExecutor.java:624)
	at org.apache.tomcat.util.threads.TaskThread$WrappingRunnable.run(TaskThread.java:61)
	at java.lang.Thread.run(Thread.java:748)
2019-05-23 09:21:41  [ http-nio-8098-exec-5:206122 ] - [ ERROR ]  Tools.logError:DbCtrl:<----------------ERROR,获取字段出错---------------->
2019-05-23 09:21:41  [ http-nio-8098-exec-9:206123 ] - [ ERROR ]  Tools.logError:Table 'kcway2.car_series_v2' doesn't exist
2019-05-23 09:21:41  [ http-nio-8098-exec-5:206126 ] - [ ERROR ]  {conn-10003, stmt-20498} execute error. select SQL_CALC_FOUND_ROWS t.name,t.id from car_model_v2 t     where series_id='0'    
java.sql.SQLSyntaxErrorException: Table 'kcway2.car_model_v2' doesn't exist
	at com.mysql.cj.jdbc.exceptions.SQLError.createSQLException(SQLError.java:120)
	at com.mysql.cj.jdbc.exceptions.SQLError.createSQLException(SQLError.java:97)
	at com.mysql.cj.jdbc.exceptions.SQLExceptionsMapping.translateException(SQLExceptionsMapping.java:122)
	at com.mysql.cj.jdbc.StatementImpl.executeQuery(StatementImpl.java:1218)
	at com.alibaba.druid.filter.FilterChainImpl.statement_executeQuery(FilterChainImpl.java:2831)
	at com.alibaba.druid.filter.FilterAdapter.statement_executeQuery(FilterAdapter.java:2503)
	at com.alibaba.druid.filter.FilterEventAdapter.statement_executeQuery(FilterEventAdapter.java:302)
	at com.alibaba.druid.filter.FilterChainImpl.statement_executeQuery(FilterChainImpl.java:2828)
	at com.alibaba.druid.wall.WallFilter.statement_executeQuery(WallFilter.java:528)
	at com.alibaba.druid.filter.FilterChainImpl.statement_executeQuery(FilterChainImpl.java:2828)
	at com.alibaba.druid.filter.FilterAdapter.statement_executeQuery(FilterAdapter.java:2503)
	at com.alibaba.druid.filter.FilterEventAdapter.statement_executeQuery(FilterEventAdapter.java:302)
	at com.alibaba.druid.filter.FilterChainImpl.statement_executeQuery(FilterChainImpl.java:2828)
	at com.alibaba.druid.proxy.jdbc.StatementProxyImpl.executeQuery(StatementProxyImpl.java:221)
	at com.alibaba.druid.pool.DruidPooledStatement.executeQuery(DruidPooledStatement.java:291)
	at com.tt.tool.DbTools.reclist(DbTools.java:89)
	at com.tt.tool.DbCtrl.lists(DbCtrl.java:679)
	at com.tt.tool.Tools.dicopt(Tools.java:902)
	at com.tt.tool.Ajax.ShowAjax(Ajax.java:64)
	at sun.reflect.NativeMethodAccessorImpl.invoke0(Native Method)
	at sun.reflect.NativeMethodAccessorImpl.invoke(NativeMethodAccessorImpl.java:62)
	at sun.reflect.DelegatingMethodAccessorImpl.invoke(DelegatingMethodAccessorImpl.java:43)
	at java.lang.reflect.Method.invoke(Method.java:498)
	at org.springframework.web.method.support.InvocableHandlerMethod.doInvoke(InvocableHandlerMethod.java:189)
	at org.springframework.web.method.support.InvocableHandlerMethod.invokeForRequest(InvocableHandlerMethod.java:138)
	at org.springframework.web.servlet.mvc.method.annotation.ServletInvocableHandlerMethod.invokeAndHandle(ServletInvocableHandlerMethod.java:102)
	at org.springframework.web.servlet.mvc.method.annotation.RequestMappingHandlerAdapter.invokeHandlerMethod(RequestMappingHandlerAdapter.java:895)
	at org.springframework.web.servlet.mvc.method.annotation.RequestMappingHandlerAdapter.handleInternal(RequestMappingHandlerAdapter.java:800)
	at org.springframework.web.servlet.mvc.method.AbstractHandlerMethodAdapter.handle(AbstractHandlerMethodAdapter.java:87)
	at org.springframework.web.servlet.DispatcherServlet.doDispatch(DispatcherServlet.java:1038)
	at org.springframework.web.servlet.DispatcherServlet.doService(DispatcherServlet.java:942)
	at org.springframework.web.servlet.FrameworkServlet.processRequest(FrameworkServlet.java:1005)
	at org.springframework.web.servlet.FrameworkServlet.doGet(FrameworkServlet.java:897)
	at javax.servlet.http.HttpServlet.service(HttpServlet.java:645)
	at org.springframework.web.servlet.FrameworkServlet.service(FrameworkServlet.java:882)
	at javax.servlet.http.HttpServlet.service(HttpServlet.java:750)
	at org.apache.catalina.core.ApplicationFilterChain.internalDoFilter(ApplicationFilterChain.java:231)
	at org.apache.catalina.core.ApplicationFilterChain.doFilter(ApplicationFilterChain.java:166)
	at org.apache.tomcat.websocket.server.WsFilter.doFilter(WsFilter.java:53)
	at org.apache.catalina.core.ApplicationFilterChain.internalDoFilter(ApplicationFilterChain.java:193)
	at org.apache.catalina.core.ApplicationFilterChain.doFilter(ApplicationFilterChain.java:166)
	at com.alibaba.druid.support.http.WebStatFilter.doFilter(WebStatFilter.java:123)
	at org.apache.catalina.core.ApplicationFilterChain.internalDoFilter(ApplicationFilterChain.java:193)
	at org.apache.catalina.core.ApplicationFilterChain.doFilter(ApplicationFilterChain.java:166)
	at org.springframework.web.filter.RequestContextFilter.doFilterInternal(RequestContextFilter.java:99)
	at org.springframework.web.filter.OncePerRequestFilter.doFilter(OncePerRequestFilter.java:107)
	at org.apache.catalina.core.ApplicationFilterChain.internalDoFilter(ApplicationFilterChain.java:193)
	at org.apache.catalina.core.ApplicationFilterChain.doFilter(ApplicationFilterChain.java:166)
	at org.springframework.web.filter.FormContentFilter.doFilterInternal(FormContentFilter.java:92)
	at org.springframework.web.filter.OncePerRequestFilter.doFilter(OncePerRequestFilter.java:107)
	at org.apache.catalina.core.ApplicationFilterChain.internalDoFilter(ApplicationFilterChain.java:193)
	at org.apache.catalina.core.ApplicationFilterChain.doFilter(ApplicationFilterChain.java:166)
	at org.springframework.web.filter.HiddenHttpMethodFilter.doFilterInternal(HiddenHttpMethodFilter.java:93)
	at org.springframework.web.filter.OncePerRequestFilter.doFilter(OncePerRequestFilter.java:107)
	at org.apache.catalina.core.ApplicationFilterChain.internalDoFilter(ApplicationFilterChain.java:193)
	at org.apache.catalina.core.ApplicationFilterChain.doFilter(ApplicationFilterChain.java:166)
	at org.springframework.web.filter.CharacterEncodingFilter.doFilterInternal(CharacterEncodingFilter.java:200)
	at org.springframework.web.filter.OncePerRequestFilter.doFilter(OncePerRequestFilter.java:107)
	at org.apache.catalina.core.ApplicationFilterChain.internalDoFilter(ApplicationFilterChain.java:193)
	at org.apache.catalina.core.ApplicationFilterChain.doFilter(ApplicationFilterChain.java:166)
	at org.apache.catalina.core.StandardWrapperValve.invoke(StandardWrapperValve.java:200)
	at org.apache.catalina.core.StandardContextValve.invoke(StandardContextValve.java:96)
	at org.apache.catalina.authenticator.AuthenticatorBase.invoke(AuthenticatorBase.java:490)
	at org.apache.catalina.core.StandardHostValve.invoke(StandardHostValve.java:139)
	at org.apache.catalina.valves.ErrorReportValve.invoke(ErrorReportValve.java:92)
	at org.apache.catalina.core.StandardEngineValve.invoke(StandardEngineValve.java:74)
	at org.apache.catalina.connector.CoyoteAdapter.service(CoyoteAdapter.java:343)
	at org.apache.coyote.http11.Http11Processor.service(Http11Processor.java:408)
	at org.apache.coyote.AbstractProcessorLight.process(AbstractProcessorLight.java:66)
	at org.apache.coyote.AbstractProtocol$ConnectionHandler.process(AbstractProtocol.java:834)
	at org.apache.tomcat.util.net.NioEndpoint$SocketProcessor.doRun(NioEndpoint.java:1415)
	at org.apache.tomcat.util.net.SocketProcessorBase.run(SocketProcessorBase.java:49)
	at java.util.concurrent.ThreadPoolExecutor.runWorker(ThreadPoolExecutor.java:1149)
	at java.util.concurrent.ThreadPoolExecutor$Worker.run(ThreadPoolExecutor.java:624)
	at org.apache.tomcat.util.threads.TaskThread$WrappingRunnable.run(TaskThread.java:61)
	at java.lang.Thread.run(Thread.java:748)
2019-05-23 09:21:41  [ http-nio-8098-exec-5:206134 ] - [ ERROR ]  Tools.logError:Table 'kcway2.car_model_v2' doesn't exist
2019-05-23 10:27:02  [ http-nio-8098-exec-4:9089 ] - [ ERROR ]  Tools.logError:null
2019-05-23 10:27:22  [ http-nio-8098-exec-7:29771 ] - [ ERROR ]  Tools.logError:null
2019-05-23 10:50:40  [ http-nio-8098-exec-1:120679 ] - [ ERROR ]  {conn-10002, stmt-20321} execute error. select vincode from tyjj_qccl where icbc_id=1
java.sql.SQLSyntaxErrorException: Table 'kcway2.tyjj_qccl' doesn't exist
	at com.mysql.cj.jdbc.exceptions.SQLError.createSQLException(SQLError.java:120)
	at com.mysql.cj.jdbc.exceptions.SQLError.createSQLException(SQLError.java:97)
	at com.mysql.cj.jdbc.exceptions.SQLExceptionsMapping.translateException(SQLExceptionsMapping.java:122)
	at com.mysql.cj.jdbc.StatementImpl.executeQuery(StatementImpl.java:1218)
	at com.alibaba.druid.filter.FilterChainImpl.statement_executeQuery(FilterChainImpl.java:2831)
	at com.alibaba.druid.filter.FilterAdapter.statement_executeQuery(FilterAdapter.java:2503)
	at com.alibaba.druid.filter.FilterEventAdapter.statement_executeQuery(FilterEventAdapter.java:302)
	at com.alibaba.druid.filter.FilterChainImpl.statement_executeQuery(FilterChainImpl.java:2828)
	at com.alibaba.druid.wall.WallFilter.statement_executeQuery(WallFilter.java:528)
	at com.alibaba.druid.filter.FilterChainImpl.statement_executeQuery(FilterChainImpl.java:2828)
	at com.alibaba.druid.filter.FilterAdapter.statement_executeQuery(FilterAdapter.java:2503)
	at com.alibaba.druid.filter.FilterEventAdapter.statement_executeQuery(FilterEventAdapter.java:302)
	at com.alibaba.druid.filter.FilterChainImpl.statement_executeQuery(FilterChainImpl.java:2828)
	at com.alibaba.druid.proxy.jdbc.StatementProxyImpl.executeQuery(StatementProxyImpl.java:221)
	at com.alibaba.druid.pool.DruidPooledStatement.executeQuery(DruidPooledStatement.java:291)
	at com.tt.tool.DbTools.recinfo(DbTools.java:134)
	at com.tt.tool.DbTools.recinfo(DbTools.java:125)
	at com.tt.tool.Tools.recinfo(Tools.java:659)
	at com.tt.table.xmgj_gpsgd.doGetForm(xmgj_gpsgd.java:99)
	at com.tt.manager.ManagerGet.doGet(ManagerGet.java:64)
	at com.tt.manager.Manager.index(Manager.java:47)
	at sun.reflect.NativeMethodAccessorImpl.invoke0(Native Method)
	at sun.reflect.NativeMethodAccessorImpl.invoke(NativeMethodAccessorImpl.java:62)
	at sun.reflect.DelegatingMethodAccessorImpl.invoke(DelegatingMethodAccessorImpl.java:43)
	at java.lang.reflect.Method.invoke(Method.java:498)
	at org.springframework.web.method.support.InvocableHandlerMethod.doInvoke(InvocableHandlerMethod.java:189)
	at org.springframework.web.method.support.InvocableHandlerMethod.invokeForRequest(InvocableHandlerMethod.java:138)
	at org.springframework.web.servlet.mvc.method.annotation.ServletInvocableHandlerMethod.invokeAndHandle(ServletInvocableHandlerMethod.java:102)
	at org.springframework.web.servlet.mvc.method.annotation.RequestMappingHandlerAdapter.invokeHandlerMethod(RequestMappingHandlerAdapter.java:895)
	at org.springframework.web.servlet.mvc.method.annotation.RequestMappingHandlerAdapter.handleInternal(RequestMappingHandlerAdapter.java:800)
	at org.springframework.web.servlet.mvc.method.AbstractHandlerMethodAdapter.handle(AbstractHandlerMethodAdapter.java:87)
	at org.springframework.web.servlet.DispatcherServlet.doDispatch(DispatcherServlet.java:1038)
	at org.springframework.web.servlet.DispatcherServlet.doService(DispatcherServlet.java:942)
	at org.springframework.web.servlet.FrameworkServlet.processRequest(FrameworkServlet.java:1005)
	at org.springframework.web.servlet.FrameworkServlet.doGet(FrameworkServlet.java:897)
	at javax.servlet.http.HttpServlet.service(HttpServlet.java:645)
	at org.springframework.web.servlet.FrameworkServlet.service(FrameworkServlet.java:882)
	at javax.servlet.http.HttpServlet.service(HttpServlet.java:750)
	at org.apache.catalina.core.ApplicationFilterChain.internalDoFilter(ApplicationFilterChain.java:231)
	at org.apache.catalina.core.ApplicationFilterChain.doFilter(ApplicationFilterChain.java:166)
	at org.apache.tomcat.websocket.server.WsFilter.doFilter(WsFilter.java:53)
	at org.apache.catalina.core.ApplicationFilterChain.internalDoFilter(ApplicationFilterChain.java:193)
	at org.apache.catalina.core.ApplicationFilterChain.doFilter(ApplicationFilterChain.java:166)
	at com.alibaba.druid.support.http.WebStatFilter.doFilter(WebStatFilter.java:123)
	at org.apache.catalina.core.ApplicationFilterChain.internalDoFilter(ApplicationFilterChain.java:193)
	at org.apache.catalina.core.ApplicationFilterChain.doFilter(ApplicationFilterChain.java:166)
	at org.springframework.web.filter.RequestContextFilter.doFilterInternal(RequestContextFilter.java:99)
	at org.springframework.web.filter.OncePerRequestFilter.doFilter(OncePerRequestFilter.java:107)
	at org.apache.catalina.core.ApplicationFilterChain.internalDoFilter(ApplicationFilterChain.java:193)
	at org.apache.catalina.core.ApplicationFilterChain.doFilter(ApplicationFilterChain.java:166)
	at org.springframework.web.filter.FormContentFilter.doFilterInternal(FormContentFilter.java:92)
	at org.springframework.web.filter.OncePerRequestFilter.doFilter(OncePerRequestFilter.java:107)
	at org.apache.catalina.core.ApplicationFilterChain.internalDoFilter(ApplicationFilterChain.java:193)
	at org.apache.catalina.core.ApplicationFilterChain.doFilter(ApplicationFilterChain.java:166)
	at org.springframework.web.filter.HiddenHttpMethodFilter.doFilterInternal(HiddenHttpMethodFilter.java:93)
	at org.springframework.web.filter.OncePerRequestFilter.doFilter(OncePerRequestFilter.java:107)
	at org.apache.catalina.core.ApplicationFilterChain.internalDoFilter(ApplicationFilterChain.java:193)
	at org.apache.catalina.core.ApplicationFilterChain.doFilter(ApplicationFilterChain.java:166)
	at org.springframework.web.filter.CharacterEncodingFilter.doFilterInternal(CharacterEncodingFilter.java:200)
	at org.springframework.web.filter.OncePerRequestFilter.doFilter(OncePerRequestFilter.java:107)
	at org.apache.catalina.core.ApplicationFilterChain.internalDoFilter(ApplicationFilterChain.java:193)
	at org.apache.catalina.core.ApplicationFilterChain.doFilter(ApplicationFilterChain.java:166)
	at org.apache.catalina.core.StandardWrapperValve.invoke(StandardWrapperValve.java:200)
	at org.apache.catalina.core.StandardContextValve.invoke(StandardContextValve.java:96)
	at org.apache.catalina.authenticator.AuthenticatorBase.invoke(AuthenticatorBase.java:490)
	at org.apache.catalina.core.StandardHostValve.invoke(StandardHostValve.java:139)
	at org.apache.catalina.valves.ErrorReportValve.invoke(ErrorReportValve.java:92)
	at org.apache.catalina.core.StandardEngineValve.invoke(StandardEngineValve.java:74)
	at org.apache.catalina.connector.CoyoteAdapter.service(CoyoteAdapter.java:343)
	at org.apache.coyote.http11.Http11Processor.service(Http11Processor.java:408)
	at org.apache.coyote.AbstractProcessorLight.process(AbstractProcessorLight.java:66)
	at org.apache.coyote.AbstractProtocol$ConnectionHandler.process(AbstractProtocol.java:834)
	at org.apache.tomcat.util.net.NioEndpoint$SocketProcessor.doRun(NioEndpoint.java:1415)
	at org.apache.tomcat.util.net.SocketProcessorBase.run(SocketProcessorBase.java:49)
	at java.util.concurrent.ThreadPoolExecutor.runWorker(ThreadPoolExecutor.java:1149)
	at java.util.concurrent.ThreadPoolExecutor$Worker.run(ThreadPoolExecutor.java:624)
	at org.apache.tomcat.util.threads.TaskThread$WrappingRunnable.run(TaskThread.java:61)
	at java.lang.Thread.run(Thread.java:748)
2019-05-23 10:50:40  [ http-nio-8098-exec-1:120685 ] - [ ERROR ]  Tools.logError:Table 'kcway2.tyjj_qccl' doesn't exist
2019-05-23 10:51:08  [ http-nio-8098-exec-6:148646 ] - [ ERROR ]  {conn-10002, stmt-20359} execute error. select vincode from tyjj_qccl where icbc_id=1
java.sql.SQLSyntaxErrorException: Table 'kcway2.tyjj_qccl' doesn't exist
	at com.mysql.cj.jdbc.exceptions.SQLError.createSQLException(SQLError.java:120)
	at com.mysql.cj.jdbc.exceptions.SQLError.createSQLException(SQLError.java:97)
	at com.mysql.cj.jdbc.exceptions.SQLExceptionsMapping.translateException(SQLExceptionsMapping.java:122)
	at com.mysql.cj.jdbc.StatementImpl.executeQuery(StatementImpl.java:1218)
	at com.alibaba.druid.filter.FilterChainImpl.statement_executeQuery(FilterChainImpl.java:2831)
	at com.alibaba.druid.filter.FilterAdapter.statement_executeQuery(FilterAdapter.java:2503)
	at com.alibaba.druid.filter.FilterEventAdapter.statement_executeQuery(FilterEventAdapter.java:302)
	at com.alibaba.druid.filter.FilterChainImpl.statement_executeQuery(FilterChainImpl.java:2828)
	at com.alibaba.druid.wall.WallFilter.statement_executeQuery(WallFilter.java:528)
	at com.alibaba.druid.filter.FilterChainImpl.statement_executeQuery(FilterChainImpl.java:2828)
	at com.alibaba.druid.filter.FilterAdapter.statement_executeQuery(FilterAdapter.java:2503)
	at com.alibaba.druid.filter.FilterEventAdapter.statement_executeQuery(FilterEventAdapter.java:302)
	at com.alibaba.druid.filter.FilterChainImpl.statement_executeQuery(FilterChainImpl.java:2828)
	at com.alibaba.druid.proxy.jdbc.StatementProxyImpl.executeQuery(StatementProxyImpl.java:221)
	at com.alibaba.druid.pool.DruidPooledStatement.executeQuery(DruidPooledStatement.java:291)
	at com.tt.tool.DbTools.recinfo(DbTools.java:134)
	at com.tt.tool.DbTools.recinfo(DbTools.java:125)
	at com.tt.tool.Tools.recinfo(Tools.java:659)
	at com.tt.table.xmgj_gpsgd.doGetForm(xmgj_gpsgd.java:99)
	at com.tt.manager.ManagerGet.doGet(ManagerGet.java:64)
	at com.tt.manager.Manager.index(Manager.java:47)
	at sun.reflect.NativeMethodAccessorImpl.invoke0(Native Method)
	at sun.reflect.NativeMethodAccessorImpl.invoke(NativeMethodAccessorImpl.java:62)
	at sun.reflect.DelegatingMethodAccessorImpl.invoke(DelegatingMethodAccessorImpl.java:43)
	at java.lang.reflect.Method.invoke(Method.java:498)
	at org.springframework.web.method.support.InvocableHandlerMethod.doInvoke(InvocableHandlerMethod.java:189)
	at org.springframework.web.method.support.InvocableHandlerMethod.invokeForRequest(InvocableHandlerMethod.java:138)
	at org.springframework.web.servlet.mvc.method.annotation.ServletInvocableHandlerMethod.invokeAndHandle(ServletInvocableHandlerMethod.java:102)
	at org.springframework.web.servlet.mvc.method.annotation.RequestMappingHandlerAdapter.invokeHandlerMethod(RequestMappingHandlerAdapter.java:895)
	at org.springframework.web.servlet.mvc.method.annotation.RequestMappingHandlerAdapter.handleInternal(RequestMappingHandlerAdapter.java:800)
	at org.springframework.web.servlet.mvc.method.AbstractHandlerMethodAdapter.handle(AbstractHandlerMethodAdapter.java:87)
	at org.springframework.web.servlet.DispatcherServlet.doDispatch(DispatcherServlet.java:1038)
	at org.springframework.web.servlet.DispatcherServlet.doService(DispatcherServlet.java:942)
	at org.springframework.web.servlet.FrameworkServlet.processRequest(FrameworkServlet.java:1005)
	at org.springframework.web.servlet.FrameworkServlet.doGet(FrameworkServlet.java:897)
	at javax.servlet.http.HttpServlet.service(HttpServlet.java:645)
	at org.springframework.web.servlet.FrameworkServlet.service(FrameworkServlet.java:882)
	at javax.servlet.http.HttpServlet.service(HttpServlet.java:750)
	at org.apache.catalina.core.ApplicationFilterChain.internalDoFilter(ApplicationFilterChain.java:231)
	at org.apache.catalina.core.ApplicationFilterChain.doFilter(ApplicationFilterChain.java:166)
	at org.apache.tomcat.websocket.server.WsFilter.doFilter(WsFilter.java:53)
	at org.apache.catalina.core.ApplicationFilterChain.internalDoFilter(ApplicationFilterChain.java:193)
	at org.apache.catalina.core.ApplicationFilterChain.doFilter(ApplicationFilterChain.java:166)
	at com.alibaba.druid.support.http.WebStatFilter.doFilter(WebStatFilter.java:123)
	at org.apache.catalina.core.ApplicationFilterChain.internalDoFilter(ApplicationFilterChain.java:193)
	at org.apache.catalina.core.ApplicationFilterChain.doFilter(ApplicationFilterChain.java:166)
	at org.springframework.web.filter.RequestContextFilter.doFilterInternal(RequestContextFilter.java:99)
	at org.springframework.web.filter.OncePerRequestFilter.doFilter(OncePerRequestFilter.java:107)
	at org.apache.catalina.core.ApplicationFilterChain.internalDoFilter(ApplicationFilterChain.java:193)
	at org.apache.catalina.core.ApplicationFilterChain.doFilter(ApplicationFilterChain.java:166)
	at org.springframework.web.filter.FormContentFilter.doFilterInternal(FormContentFilter.java:92)
	at org.springframework.web.filter.OncePerRequestFilter.doFilter(OncePerRequestFilter.java:107)
	at org.apache.catalina.core.ApplicationFilterChain.internalDoFilter(ApplicationFilterChain.java:193)
	at org.apache.catalina.core.ApplicationFilterChain.doFilter(ApplicationFilterChain.java:166)
	at org.springframework.web.filter.HiddenHttpMethodFilter.doFilterInternal(HiddenHttpMethodFilter.java:93)
	at org.springframework.web.filter.OncePerRequestFilter.doFilter(OncePerRequestFilter.java:107)
	at org.apache.catalina.core.ApplicationFilterChain.internalDoFilter(ApplicationFilterChain.java:193)
	at org.apache.catalina.core.ApplicationFilterChain.doFilter(ApplicationFilterChain.java:166)
	at org.springframework.web.filter.CharacterEncodingFilter.doFilterInternal(CharacterEncodingFilter.java:200)
	at org.springframework.web.filter.OncePerRequestFilter.doFilter(OncePerRequestFilter.java:107)
	at org.apache.catalina.core.ApplicationFilterChain.internalDoFilter(ApplicationFilterChain.java:193)
	at org.apache.catalina.core.ApplicationFilterChain.doFilter(ApplicationFilterChain.java:166)
	at org.apache.catalina.core.StandardWrapperValve.invoke(StandardWrapperValve.java:200)
	at org.apache.catalina.core.StandardContextValve.invoke(StandardContextValve.java:96)
	at org.apache.catalina.authenticator.AuthenticatorBase.invoke(AuthenticatorBase.java:490)
	at org.apache.catalina.core.StandardHostValve.invoke(StandardHostValve.java:139)
	at org.apache.catalina.valves.ErrorReportValve.invoke(ErrorReportValve.java:92)
	at org.apache.catalina.core.StandardEngineValve.invoke(StandardEngineValve.java:74)
	at org.apache.catalina.connector.CoyoteAdapter.service(CoyoteAdapter.java:343)
	at org.apache.coyote.http11.Http11Processor.service(Http11Processor.java:408)
	at org.apache.coyote.AbstractProcessorLight.process(AbstractProcessorLight.java:66)
	at org.apache.coyote.AbstractProtocol$ConnectionHandler.process(AbstractProtocol.java:834)
	at org.apache.tomcat.util.net.NioEndpoint$SocketProcessor.doRun(NioEndpoint.java:1415)
	at org.apache.tomcat.util.net.SocketProcessorBase.run(SocketProcessorBase.java:49)
	at java.util.concurrent.ThreadPoolExecutor.runWorker(ThreadPoolExecutor.java:1149)
	at java.util.concurrent.ThreadPoolExecutor$Worker.run(ThreadPoolExecutor.java:624)
	at org.apache.tomcat.util.threads.TaskThread$WrappingRunnable.run(TaskThread.java:61)
	at java.lang.Thread.run(Thread.java:748)
2019-05-23 10:51:08  [ http-nio-8098-exec-6:148649 ] - [ ERROR ]  Tools.logError:Table 'kcway2.tyjj_qccl' doesn't exist
2019-05-23 11:04:56  [ http-nio-8098-exec-4:696589 ] - [ ERROR ]  Tools.logError:http%3A%2F%2F127.0.0.1%3A8098%2FWEB-INF%2Fjsp%2Fmanager%2Findex_b.jsp%7C%2FWEB-INF%2Fjsp%2Fmanager%2Findex_b.jsp%7Ccn%3Dhbloan_tcgl%26type%3Dloan%26sdo%3Dform%26id%3D13:Unable to compile class for JSP: 

An error occurred at line: [292] in the jsp file: [/WEB-INF/jsp/manager/loan/hbloan_tcgl.form.jsp]
infodb cannot be resolved
289:                                     String upFile = "../upfile.inc.jsp";
290:                                     String imgPreName = "imgurl";
291:                                     String[] ssImgs = { //设置已有值
292:                                             !Tools.myIsNull(infodb.get(imgPreName)) ? infodb.get(imgPreName) : ""
293:                                     };
294:                                     String sImgs = "";
295:                                     for (int i = 0; i < ssImgs.length; i++) {


An error occurred at line: [292] in the jsp file: [/WEB-INF/jsp/manager/loan/hbloan_tcgl.form.jsp]
infodb cannot be resolved
289:                                     String upFile = "../upfile.inc.jsp";
290:                                     String imgPreName = "imgurl";
291:                                     String[] ssImgs = { //设置已有值
292:                                             !Tools.myIsNull(infodb.get(imgPreName)) ? infodb.get(imgPreName) : ""
293:                                     };
294:                                     String sImgs = "";
295:                                     for (int i = 0; i < ssImgs.length; i++) {


Stacktrace:
2019-05-23 11:07:15  [ http-nio-8098-exec-3:835499 ] - [ ERROR ]  Tools.logError:http%3A%2F%2F127.0.0.1%3A8098%2FWEB-INF%2Fjsp%2Fmanager%2Findex_b.jsp%7C%2FWEB-INF%2Fjsp%2Fmanager%2Findex_b.jsp%7Ccn%3Dhbloan_tcgl%26type%3Dloan%26sdo%3Dform%26id%3D13:Unable to compile class for JSP: 

An error occurred at line: [298] in the jsp file: [/WEB-INF/jsp/manager/loan/hbloan_tcgl.form.jsp]
infodb cannot be resolved
295:                     String upFile = "../upfile.inc.jsp";
296:                     String imgPreName = "imgurl";
297:                     String[] ssImgs = { //设置已有值
298:                             !Tools.myIsNull(infodb.get(imgPreName)) ? infodb.get(imgPreName) : ""
299:                     };
300:                     String sImgs = "";
301:                     for (int i = 0; i < ssImgs.length; i++) {


An error occurred at line: [298] in the jsp file: [/WEB-INF/jsp/manager/loan/hbloan_tcgl.form.jsp]
infodb cannot be resolved
295:                     String upFile = "../upfile.inc.jsp";
296:                     String imgPreName = "imgurl";
297:                     String[] ssImgs = { //设置已有值
298:                             !Tools.myIsNull(infodb.get(imgPreName)) ? infodb.get(imgPreName) : ""
299:                     };
300:                     String sImgs = "";
301:                     for (int i = 0; i < ssImgs.length; i++) {


Stacktrace:
2019-05-23 11:07:37  [ http-nio-8098-exec-7:857929 ] - [ ERROR ]  Tools.logError:http%3A%2F%2F127.0.0.1%3A8098%2FWEB-INF%2Fjsp%2Fmanager%2Findex_b.jsp%7C%2FWEB-INF%2Fjsp%2Fmanager%2Findex_b.jsp%7Ccn%3Dhbloan_tcgl%26type%3Dloan%26sdo%3Dform%26id%3D13:Unable to compile class for JSP: 

An error occurred at line: [296] in the jsp file: [/WEB-INF/jsp/manager/loan/hbloan_tcgl.form.jsp]
upFile cannot be resolved to a variable
293:                 <div class="col-sm-10">
294:                 
295:                 <%-- 可能这里用<%@include file %>模式更适合--%>
296:                 <jsp:include page="<%=upFile%>">
297:                     <jsp:param name="img_MarginImgSrc" value=""/>
298:                     <jsp:param name="img_MarginImgClass" value=""/>
299:                     <jsp:param name="img_Total" value="1"/>


An error occurred at line: [296] in the jsp file: [/WEB-INF/jsp/manager/loan/hbloan_tcgl.form.jsp]
upFile cannot be resolved to a variable
293:                 <div class="col-sm-10">
294:                 
295:                 <%-- 可能这里用<%@include file %>模式更适合--%>
296:                 <jsp:include page="<%=upFile%>">
297:                     <jsp:param name="img_MarginImgSrc" value=""/>
298:                     <jsp:param name="img_MarginImgClass" value=""/>
299:                     <jsp:param name="img_Total" value="1"/>


An error occurred at line: [296] in the jsp file: [/WEB-INF/jsp/manager/loan/hbloan_tcgl.form.jsp]
sImgs cannot be resolved to a variable
293:                 <div class="col-sm-10">
294:                 
295:                 <%-- 可能这里用<%@include file %>模式更适合--%>
296:                 <jsp:include page="<%=upFile%>">
297:                     <jsp:param name="img_MarginImgSrc" value=""/>
298:                     <jsp:param name="img_MarginImgClass" value=""/>
299:                     <jsp:param name="img_Total" value="1"/>


Stacktrace:
2019-05-23 11:07:42  [ http-nio-8098-exec-2:862475 ] - [ ERROR ]  Tools.logError:http%3A%2F%2F127.0.0.1%3A8098%2FWEB-INF%2Fjsp%2Fmanager%2Findex_b.jsp%7C%2FWEB-INF%2Fjsp%2Fmanager%2Findex_b.jsp%7Ccn%3Dhbloan_tcgl%26type%3Dloan%26sdo%3Dform%26id%3D13:Unable to compile class for JSP: 

An error occurred at line: [296] in the jsp file: [/WEB-INF/jsp/manager/loan/hbloan_tcgl.form.jsp]
upFile cannot be resolved to a variable
293:                 <div class="col-sm-10">
294:                 
295:                 <%-- 可能这里用<%@include file %>模式更适合--%>
296:                 <jsp:include page="<%=upFile%>">
297:                     <jsp:param name="img_MarginImgSrc" value=""/>
298:                     <jsp:param name="img_MarginImgClass" value=""/>
299:                     <jsp:param name="img_Total" value="1"/>


An error occurred at line: [296] in the jsp file: [/WEB-INF/jsp/manager/loan/hbloan_tcgl.form.jsp]
upFile cannot be resolved to a variable
293:                 <div class="col-sm-10">
294:                 
295:                 <%-- 可能这里用<%@include file %>模式更适合--%>
296:                 <jsp:include page="<%=upFile%>">
297:                     <jsp:param name="img_MarginImgSrc" value=""/>
298:                     <jsp:param name="img_MarginImgClass" value=""/>
299:                     <jsp:param name="img_Total" value="1"/>


An error occurred at line: [296] in the jsp file: [/WEB-INF/jsp/manager/loan/hbloan_tcgl.form.jsp]
sImgs cannot be resolved to a variable
293:                 <div class="col-sm-10">
294:                 
295:                 <%-- 可能这里用<%@include file %>模式更适合--%>
296:                 <jsp:include page="<%=upFile%>">
297:                     <jsp:param name="img_MarginImgSrc" value=""/>
298:                     <jsp:param name="img_MarginImgClass" value=""/>
299:                     <jsp:param name="img_Total" value="1"/>


Stacktrace:
2019-05-23 11:08:04  [ http-nio-8098-exec-4:5828 ] - [ ERROR ]  Tools.logError:http%3A%2F%2F127.0.0.1%3A8098%2FWEB-INF%2Fjsp%2Fmanager%2Findex_b.jsp%7C%2FWEB-INF%2Fjsp%2Fmanager%2Findex_b.jsp%7Ccn%3Dhbloan_tcgl%26id%3D13%26type%3Dloan%26sdo%3Dform:Unable to compile class for JSP: 

An error occurred at line: [296] in the jsp file: [/WEB-INF/jsp/manager/loan/hbloan_tcgl.form.jsp]
upFile cannot be resolved to a variable
293:                 <div class="col-sm-10">
294: 
295:                 <%-- 可能这里用<%@include file %>模式更适合--%>
296:                 <jsp:include page="<%=upFile%>">
297:                     <jsp:param name="img_MarginImgSrc" value=""/>
298:                     <jsp:param name="img_MarginImgClass" value=""/>
299:                     <jsp:param name="img_Total" value="1"/>


An error occurred at line: [296] in the jsp file: [/WEB-INF/jsp/manager/loan/hbloan_tcgl.form.jsp]
upFile cannot be resolved to a variable
293:                 <div class="col-sm-10">
294: 
295:                 <%-- 可能这里用<%@include file %>模式更适合--%>
296:                 <jsp:include page="<%=upFile%>">
297:                     <jsp:param name="img_MarginImgSrc" value=""/>
298:                     <jsp:param name="img_MarginImgClass" value=""/>
299:                     <jsp:param name="img_Total" value="1"/>


An error occurred at line: [296] in the jsp file: [/WEB-INF/jsp/manager/loan/hbloan_tcgl.form.jsp]
sImgs cannot be resolved to a variable
293:                 <div class="col-sm-10">
294: 
295:                 <%-- 可能这里用<%@include file %>模式更适合--%>
296:                 <jsp:include page="<%=upFile%>">
297:                     <jsp:param name="img_MarginImgSrc" value=""/>
298:                     <jsp:param name="img_MarginImgClass" value=""/>
299:                     <jsp:param name="img_Total" value="1"/>


Stacktrace:
2019-05-23 11:08:09  [ http-nio-8098-exec-8:10842 ] - [ ERROR ]  Tools.logError:http%3A%2F%2F127.0.0.1%3A8098%2FWEB-INF%2Fjsp%2Fmanager%2Findex_b.jsp%7C%2FWEB-INF%2Fjsp%2Fmanager%2Findex_b.jsp%7Ccn%3Dhbloan_tcgl%26type%3Dloan%26sdo%3Dform%26id%3D13:Unable to compile class for JSP: 

An error occurred at line: [296] in the jsp file: [/WEB-INF/jsp/manager/loan/hbloan_tcgl.form.jsp]
upFile cannot be resolved to a variable
293:                 <div class="col-sm-10">
294: 
295:                 <%-- 可能这里用<%@include file %>模式更适合--%>
296:                 <jsp:include page="<%=upFile%>">
297:                     <jsp:param name="img_MarginImgSrc" value=""/>
298:                     <jsp:param name="img_MarginImgClass" value=""/>
299:                     <jsp:param name="img_Total" value="1"/>


An error occurred at line: [296] in the jsp file: [/WEB-INF/jsp/manager/loan/hbloan_tcgl.form.jsp]
upFile cannot be resolved to a variable
293:                 <div class="col-sm-10">
294: 
295:                 <%-- 可能这里用<%@include file %>模式更适合--%>
296:                 <jsp:include page="<%=upFile%>">
297:                     <jsp:param name="img_MarginImgSrc" value=""/>
298:                     <jsp:param name="img_MarginImgClass" value=""/>
299:                     <jsp:param name="img_Total" value="1"/>


An error occurred at line: [296] in the jsp file: [/WEB-INF/jsp/manager/loan/hbloan_tcgl.form.jsp]
sImgs cannot be resolved to a variable
293:                 <div class="col-sm-10">
294: 
295:                 <%-- 可能这里用<%@include file %>模式更适合--%>
296:                 <jsp:include page="<%=upFile%>">
297:                     <jsp:param name="img_MarginImgSrc" value=""/>
298:                     <jsp:param name="img_MarginImgClass" value=""/>
299:                     <jsp:param name="img_Total" value="1"/>


Stacktrace:
2019-05-23 11:08:10  [ http-nio-8098-exec-9:11928 ] - [ ERROR ]  Tools.logError:http%3A%2F%2F127.0.0.1%3A8098%2FWEB-INF%2Fjsp%2Fmanager%2Findex_b.jsp%7C%2FWEB-INF%2Fjsp%2Fmanager%2Findex_b.jsp%7Ccn%3Dhbloan_tcgl%26type%3Dloan%26sdo%3Dform%26id%3D13:An exception occurred processing [/WEB-INF/jsp/manager/form.jsp] at line [28]

25:                 String info = request.getAttribute("info") != null ? String.valueOf(request.getAttribute("info")) : null;
26:                 String sHideButton = (String) request.getAttribute("sHideButton"); //隐藏保存提交和取消返回标志，非空时隐藏
27:             %>
28:             <jsp:include page="<%=msg%>"></jsp:include>
29:         </section>
30:         <% if (Tools.myIsNull(sHideButton)) {%>
31:         <div class="footer-wrap">


Stacktrace:
2019-05-23 11:08:11  [ http-nio-8098-exec-1:12651 ] - [ ERROR ]  Tools.logError:http%3A%2F%2F127.0.0.1%3A8098%2FWEB-INF%2Fjsp%2Fmanager%2Findex_b.jsp%7C%2FWEB-INF%2Fjsp%2Fmanager%2Findex_b.jsp%7Ccn%3Dhbloan_tcgl%26type%3Dloan%26sdo%3Dform%26id%3D13:An exception occurred processing [/WEB-INF/jsp/manager/form.jsp] at line [28]

25:                 String info = request.getAttribute("info") != null ? String.valueOf(request.getAttribute("info")) : null;
26:                 String sHideButton = (String) request.getAttribute("sHideButton"); //隐藏保存提交和取消返回标志，非空时隐藏
27:             %>
28:             <jsp:include page="<%=msg%>"></jsp:include>
29:         </section>
30:         <% if (Tools.myIsNull(sHideButton)) {%>
31:         <div class="footer-wrap">


Stacktrace:
2019-05-23 11:08:12  [ http-nio-8098-exec-3:13595 ] - [ ERROR ]  Tools.logError:http%3A%2F%2F127.0.0.1%3A8098%2FWEB-INF%2Fjsp%2Fmanager%2Findex_b.jsp%7C%2FWEB-INF%2Fjsp%2Fmanager%2Findex_b.jsp%7Ccn%3Dhbloan_tcgl%26type%3Dloan%26sdo%3Dform%26id%3D13:An exception occurred processing [/WEB-INF/jsp/manager/form.jsp] at line [28]

25:                 String info = request.getAttribute("info") != null ? String.valueOf(request.getAttribute("info")) : null;
26:                 String sHideButton = (String) request.getAttribute("sHideButton"); //隐藏保存提交和取消返回标志，非空时隐藏
27:             %>
28:             <jsp:include page="<%=msg%>"></jsp:include>
29:         </section>
30:         <% if (Tools.myIsNull(sHideButton)) {%>
31:         <div class="footer-wrap">


Stacktrace:
2019-05-23 11:23:51  [ http-nio-8098-exec-4:13954 ] - [ ERROR ]  Tools.logError:http%3A%2F%2F127.0.0.1%3A8098%2FWEB-INF%2Fjsp%2Fmanager%2Findex_b.jsp%7C%2FWEB-INF%2Fjsp%2Fmanager%2Findex_b.jsp%7Ccn%3Dhbloan_tcgl%26type%3Dloan%26sdo%3Dform%26id%3D13:Unable to compile class for JSP: 

An error occurred at line: [8] in the jsp file: [/WEB-INF/jsp/manager/loan/hbloan_tcgl.form.jsp]
TtMap cannot be resolved to a type
5: <%@ taglib prefix="fmt" uri="http://java.sun.com/jsp/jstl/fmt" %>
6: <%@ taglib prefix="fn" uri="http://java.sun.com/jsp/jstl/functions" %>
7: <%
8:     TtMap maps = (TtMap) request.getAttribute("maps");
9: %>
10: <div class="admin-content nav-tabs-custom box">
11:     <div class="box-header with-border">


An error occurred at line: [8] in the jsp file: [/WEB-INF/jsp/manager/loan/hbloan_tcgl.form.jsp]
TtMap cannot be resolved to a type
5: <%@ taglib prefix="fmt" uri="http://java.sun.com/jsp/jstl/fmt" %>
6: <%@ taglib prefix="fn" uri="http://java.sun.com/jsp/jstl/functions" %>
7: <%
8:     TtMap maps = (TtMap) request.getAttribute("maps");
9: %>
10: <div class="admin-content nav-tabs-custom box">
11:     <div class="box-header with-border">


Stacktrace:
2019-05-23 11:25:07  [ http-nio-8098-exec-2:89746 ] - [ ERROR ]  Tools.logError:http%3A%2F%2F127.0.0.1%3A8098%2FWEB-INF%2Fjsp%2Fmanager%2Findex_b.jsp%7C%2FWEB-INF%2Fjsp%2Fmanager%2Findex_b.jsp%7Ccn%3Dhbloan_tcgl%26type%3Dloan%26sdo%3Dform%26id%3D13:java.lang.NullPointerException
2019-05-23 11:25:20  [ http-nio-8098-exec-4:102580 ] - [ ERROR ]  Tools.logError:http%3A%2F%2F127.0.0.1%3A8098%2FWEB-INF%2Fjsp%2Fmanager%2Findex_b.jsp%7C%2FWEB-INF%2Fjsp%2Fmanager%2Findex_b.jsp%7Ccn%3Dhbloan_tcgl%26type%3Dloan%26sdo%3Dform%26id%3D13:java.lang.NullPointerException
2019-05-23 11:26:55  [ http-nio-8098-exec-4:10763 ] - [ ERROR ]  Tools.logError:http%3A%2F%2F127.0.0.1%3A8098%2FWEB-INF%2Fjsp%2Fmanager%2Findex_b.jsp%7C%2FWEB-INF%2Fjsp%2Fmanager%2Findex_b.jsp%7Ccn%3Dhbloan_tcgl%26id%3D13%26type%3Dloan%26sdo%3Dform:java.lang.NullPointerException
2019-05-23 11:28:47  [ http-nio-8098-exec-6:4592 ] - [ ERROR ]  Tools.logError:http%3A%2F%2F127.0.0.1%3A8098%2FWEB-INF%2Fjsp%2Fmanager%2Findex_b.jsp%7C%2FWEB-INF%2Fjsp%2Fmanager%2Findex_b.jsp%7Ccn%3Dhbloan_tcgl%26type%3Dloan%26sdo%3Dform%26id%3D13:java.lang.NullPointerException
2019-05-23 11:29:25  [ http-nio-8098-exec-4:6310 ] - [ ERROR ]  Tools.logError:http%3A%2F%2F127.0.0.1%3A8098%2FWEB-INF%2Fjsp%2Fmanager%2Findex_b.jsp%7C%2FWEB-INF%2Fjsp%2Fmanager%2Findex_b.jsp%7Ccn%3Dhbloan_tcgl%26id%3D13%26type%3Dloan%26sdo%3Dform:java.lang.NullPointerException
2019-05-23 11:30:42  [ http-nio-8098-exec-4:8701 ] - [ ERROR ]  Tools.logError:http%3A%2F%2F127.0.0.1%3A8098%2FWEB-INF%2Fjsp%2Fmanager%2Findex_b.jsp%7C%2FWEB-INF%2Fjsp%2Fmanager%2Findex_b.jsp%7Ccn%3Dhbloan_tcgl%26id%3D13%26type%3Dloan%26sdo%3Dform:java.lang.NullPointerException
2019-05-23 11:32:27  [ http-nio-8098-exec-3:8673 ] - [ ERROR ]  Tools.logError:http%3A%2F%2F127.0.0.1%3A8098%2FWEB-INF%2Fjsp%2Fmanager%2Findex_b.jsp%7C%2FWEB-INF%2Fjsp%2Fmanager%2Findex_b.jsp%7Ccn%3Dhbloan_tcgl%26id%3D13%26type%3Dloan%26sdo%3Dform:An exception occurred processing [/WEB-INF/jsp/manager/loan/hbloan_tcgl.form.jsp] at line [10]

7: <%@ page import="com.tt.data.TtList" %>
8: <%@ page import="com.tt.data.TtMap" %>
9: <%
10:     TtMap maps = (TtMap) request.getAttribute("maps");
11: %>
12: <div class="admin-content nav-tabs-custom box">
13:     <div class="box-header with-border">


Stacktrace:
2019-05-23 11:33:37  [ http-nio-8098-exec-4:7900 ] - [ ERROR ]  Tools.logError:http%3A%2F%2F127.0.0.1%3A8098%2FWEB-INF%2Fjsp%2Fmanager%2Findex_b.jsp%7C%2FWEB-INF%2Fjsp%2Fmanager%2Findex_b.jsp%7Ccn%3Dhbloan_tcgl%26id%3D13%26type%3Dloan%26sdo%3Dform:An exception occurred processing [/WEB-INF/jsp/manager/loan/hbloan_tcgl.form.jsp] at line [10]

7: <%@ page import="com.tt.data.TtList" %>
8: <%@ page import="com.tt.data.TtMap" %>
9: <%
10:     TtMap maps = (TtMap) request.getAttribute("maps");
11: %>
12: <div class="admin-content nav-tabs-custom box">
13:     <div class="box-header with-border">


Stacktrace:
2019-05-23 11:35:08  [ http-nio-8098-exec-4:5693 ] - [ ERROR ]  Tools.logError:http%3A%2F%2F127.0.0.1%3A8098%2FWEB-INF%2Fjsp%2Fmanager%2Findex_b.jsp%7C%2FWEB-INF%2Fjsp%2Fmanager%2Findex_b.jsp%7Ccn%3Dhbloan_tcgl%26id%3D13%26type%3Dloan%26sdo%3Dform:Unable to compile class for JSP: 

An error occurred at line: [278] in the jsp file: [/WEB-INF/jsp/manager/loan/hbloan_tcgl.form.jsp]
The method myIsNull(String) in the type Tools is not applicable for the arguments (Object)
275:                         String upFile = "../upfile.inc.jsp";
276:                         String imgPreName = "coolVideo";
277:                         String[] ssImgs = { //设置已有值
278:                                 !Tools.myIsNull(maps.get(imgPreName)) ? maps.get(imgPreName) : ""
279:                         };
280:                         String sImgs = "";
281:                         for (int i = 0; i < ssImgs.length; i++) {


Stacktrace:
2019-05-23 11:41:50  [ http-nio-8098-exec-1:17917 ] - [ ERROR ]  Tools.logError:1
2019-05-23 11:42:30  [ http-nio-8098-exec-1:12340 ] - [ ERROR ]  Tools.logError:http%3A%2F%2F127.0.0.1%3A8098%2FWEB-INF%2Fjsp%2Fmanager%2Findex_b.jsp%7C%2FWEB-INF%2Fjsp%2Fmanager%2Findex_b.jsp%7Ccn%3Dhbloan_tcgl%26type%3Dloan%26sdo%3Dform%26id%3D13:java.lang.NullPointerException
2019-05-23 11:44:36  [ http-nio-8098-exec-2:2297 ] - [ ERROR ]  Tools.logError:http%3A%2F%2F127.0.0.1%3A8098%2FWEB-INF%2Fjsp%2Fmanager%2Findex_b.jsp%7C%2FWEB-INF%2Fjsp%2Fmanager%2Findex_b.jsp%7Ccn%3Dhbloan_tcgl%26type%3Dloan%26sdo%3Dform%26id%3D13:java.lang.NullPointerException
2019-05-23 11:47:29  [ http-nio-8098-exec-4:4596 ] - [ ERROR ]  Tools.logError:1
2019-05-23 11:48:53  [ http-nio-8098-exec-3:8234 ] - [ ERROR ]  Tools.logError:http%3A%2F%2F127.0.0.1%3A8098%2FWEB-INF%2Fjsp%2Fmanager%2Findex_b.jsp%7C%2FWEB-INF%2Fjsp%2Fmanager%2Findex_b.jsp%7Ccn%3Dhbloan_tcgl%26id%3D13%26type%3Dloan%26sdo%3Dform:java.lang.NullPointerException
2019-05-23 11:49:37  [ http-nio-8098-exec-4:6072 ] - [ ERROR ]  Tools.logError:http%3A%2F%2F127.0.0.1%3A8098%2FWEB-INF%2Fjsp%2Fmanager%2Findex_b.jsp%7C%2FWEB-INF%2Fjsp%2Fmanager%2Findex_b.jsp%7Ccn%3Dhbloan_tcgl%26id%3D13%26type%3Dloan%26sdo%3Dform:java.lang.NullPointerException
2019-05-23 11:49:40  [ http-nio-8098-exec-6:9299 ] - [ ERROR ]  Tools.logError:http%3A%2F%2F127.0.0.1%3A8098%2FWEB-INF%2Fjsp%2Fmanager%2Findex_b.jsp%7C%2FWEB-INF%2Fjsp%2Fmanager%2Findex_b.jsp%7Ccn%3Dhbloan_tcgl%26type%3Dloan%26sdo%3Dform%26id%3D13:java.lang.NullPointerException
2019-05-23 11:52:08  [ http-nio-8098-exec-4:4839 ] - [ ERROR ]  Tools.logError:null
2019-05-23 11:52:54  [ http-nio-8098-exec-4:4604 ] - [ ERROR ]  Tools.logError:null
2019-05-23 11:53:09  [ http-nio-8098-exec-2:20129 ] - [ ERROR ]  Tools.logError:null
2019-05-23 11:54:49  [ http-nio-8098-exec-9:11855 ] - [ ERROR ]  Tools.logError:null
2019-05-23 11:55:26  [ http-nio-8098-exec-10:1736 ] - [ ERROR ]  Tools.logError:null
2019-05-23 11:56:20  [ http-nio-8098-exec-3:55976 ] - [ ERROR ]  Tools.logError:null
2019-05-23 11:56:21  [ http-nio-8098-exec-4:56862 ] - [ ERROR ]  Tools.logError:null
